Using pre-set license
Built from '2020.3/staging' branch; Version is '2020.3.10f1 (297d780c91bc) revision 2719096'; Using compiler version '192528614'; Build Type 'Release'
OS: 'Windows 10 Home; OS build 19042.1288; Version 2009; 64bit' Language: 'ko' Physical Memory: 7993 MB
BatchMode: 1, IsHumanControllingUs: 0, StartBugReporterOnCrash: 0, Is64bit: 1, IsPro: 0

 COMMAND LINE ARGUMENTS:
C:\Program Files\Unity\Hub\Editor\2020.3.10f1\Editor\Unity.exe
-adb2
-batchMode
-noUpm
-name
AssetImportWorker1
-projectPath
C:/Users/user/OneDrive/바탕 화면/RowingRush_RPC/RowingRush
-logFile
Logs/AssetImportWorker1.log
-srvPort
59140
Successfully changed project path to: C:/Users/user/OneDrive/바탕 화면/RowingRush_RPC/RowingRush
C:/Users/user/OneDrive/바탕 화면/RowingRush_RPC/RowingRush
Using Asset Import Pipeline V2.
Refreshing native plugins compatible for Editor in 445.51 ms, found 11 plugins.
Preloading 1 native plugins for Editor in 2.65 ms.
Initialize engine version: 2020.3.10f1 (297d780c91bc)
[Subsystems] Discovering subsystems at path C:/Program Files/Unity/Hub/Editor/2020.3.10f1/Editor/Data/Resources/UnitySubsystems
[Subsystems] Discovering subsystems at path C:/Users/user/OneDrive/바탕 화면/RowingRush_RPC/RowingRush/Assets
GfxDevice: creating device client; threaded=0
Direct3D:
    Version:  Direct3D 11.0 [level 11.1]
    Renderer: Intel(R) UHD Graphics (ID=0x9b41)
    Vendor:   
    VRAM:     3996 MB
    Driver:   27.20.100.9079
Shader 'Universal Render Pipeline/Particles/Lit': fallback shader 'Universal Render Pipeline/Particles/SimpleLit' not found
Initialize mono
Mono path[0] = 'C:/Program Files/Unity/Hub/Editor/2020.3.10f1/Editor/Data/Managed'
Mono path[1] = 'C:/Program Files/Unity/Hub/Editor/2020.3.10f1/Editor/Data/MonoBleedingEdge/lib/mono/unityjit'
Mono config path = 'C:/Program Files/Unity/Hub/Editor/2020.3.10f1/Editor/Data/MonoBleedingEdge/etc'
Using monoOptions --debugger-agent=transport=dt_socket,embedding=1,server=y,suspend=n,address=127.0.0.1:56812
Begin MonoManager ReloadAssembly
Registering precompiled unity dll's ...
Register platform support module: C:/Program Files/Unity/Hub/Editor/2020.3.10f1/Editor/Data/PlaybackEngines/WebGLSupport/UnityEditor.WebGL.Extensions.dll
Register platform support module: C:/Program Files/Unity/Hub/Editor/2020.3.10f1/Editor/Data/PlaybackEngines/WindowsStandaloneSupport/UnityEditor.WindowsStandalone.Extensions.dll
Registered in 0.008071 seconds.
Native extension for WindowsStandalone target not found
Native extension for WebGL target not found
Refreshing native plugins compatible for Editor in 242.58 ms, found 11 plugins.
Preloading 1 native plugins for Editor in 0.35 ms.
Mono: successfully reloaded assembly
- Completed reload, in  6.780 seconds
Platform modules already initialized, skipping
Registering precompiled user dll's ...
Registered in 0.086642 seconds.
Begin MonoManager ReloadAssembly
Native extension for WindowsStandalone target not found
Native extension for WebGL target not found
Refreshing native plugins compatible for Editor in 255.51 ms, found 11 plugins.
Preloading 1 native plugins for Editor in 0.28 ms.
[XR] OculusXRPlugin: registering subsystems
[XR] Unable to register display lifecyle provider: [1]
[XR] Oculus Input lifecycle provider registered.
[XR] Unable to register input lifecyle provider: [1]
NullReferenceException: Object reference not set to an instance of an object
  at Unity.XR.Oculus.OculusLoader.AssetPathToAbsolutePath (System.String assetPath) [0x00048] in C:\Users\user\OneDrive\바탕 화면\RowingRush_RPC\RowingRush\Library\PackageCache\com.unity.xr.oculus@1.9.1\Runtime\OculusLoader.cs:249 
  at Unity.XR.Oculus.OculusLoader.EditorLoadOVRPlugin () [0x0007b] in C:\Users\user\OneDrive\바탕 화면\RowingRush_RPC\RowingRush\Library\PackageCache\com.unity.xr.oculus@1.9.1\Runtime\OculusLoader.cs:234 

(Filename: Library/PackageCache/com.unity.xr.oculus@1.9.1/Runtime/OculusLoader.cs Line: 249)

Mono: successfully reloaded assembly
- Completed reload, in  5.699 seconds
Platform modules already initialized, skipping
========================================================================
Worker process is ready to serve import requests
Shader 'Universal Render Pipeline/Particles/Lit': fallback shader 'Universal Render Pipeline/Particles/SimpleLit' not found
Launched and connected shader compiler UnityShaderCompiler.exe after 0.10 seconds
Refreshing native plugins compatible for Editor in 1.85 ms, found 11 plugins.
Preloading 1 native plugins for Editor in 0.28 ms.
Unloading 5108 Unused Serialized files (Serialized files now loaded: 0)
System memory in use before: 294.4 MB.
System memory in use after: 294.7 MB.

Unloading 57 unused Assets to reduce memory usage. Loaded Objects now: 5614.
Total: 7.849800 ms (FindLiveObjects: 0.849100 ms CreateObjectMapping: 0.636200 ms MarkObjects: 6.124300 ms  DeleteObjects: 0.238100 ms)

========================================================================
Received Import Request.
  path: Assets
  artifactKey: Guid(00000000000000001000000000000000) Importer(815301076,1909f56bfc062723c751e8b465ee728b)
Start importing Assets using Guid(00000000000000001000000000000000) Importer(815301076,1909f56bfc062723c751e8b465ee728b)  -> (artifact id: '42d402b061de3733987d63b9cc3b64de') in 0.031955 seconds
  Import took 0.049639 seconds .

========================================================================
Received Prepare
Registering precompiled user dll's ...
Registered in 0.144734 seconds.
Begin MonoManager ReloadAssembly
Native extension for WindowsStandalone target not found
Native extension for WebGL target not found
Refreshing native plugins compatible for Editor in 3.54 ms, found 11 plugins.
Preloading 1 native plugins for Editor in 0.44 ms.
NullReferenceException: Object reference not set to an instance of an object
  at Unity.XR.Oculus.OculusLoader.AssetPathToAbsolutePath (System.String assetPath) [0x00048] in C:\Users\user\OneDrive\바탕 화면\RowingRush_RPC\RowingRush\Library\PackageCache\com.unity.xr.oculus@1.9.1\Runtime\OculusLoader.cs:249 
  at Unity.XR.Oculus.OculusLoader.EditorLoadOVRPlugin () [0x0007b] in C:\Users\user\OneDrive\바탕 화면\RowingRush_RPC\RowingRush\Library\PackageCache\com.unity.xr.oculus@1.9.1\Runtime\OculusLoader.cs:234 

(Filename: Library/PackageCache/com.unity.xr.oculus@1.9.1/Runtime/OculusLoader.cs Line: 249)

Mono: successfully reloaded assembly
- Completed reload, in  4.357 seconds
Platform modules already initialized, skipping
Shader 'Universal Render Pipeline/Particles/Lit': fallback shader 'Universal Render Pipeline/Particles/SimpleLit' not found
Refreshing native plugins compatible for Editor in 3.25 ms, found 11 plugins.
Preloading 1 native plugins for Editor in 0.32 ms.
Unloading 4858 Unused Serialized files (Serialized files now loaded: 0)
System memory in use before: 283.3 MB.
System memory in use after: 283.8 MB.

Unloading 49 unused Assets to reduce memory usage. Loaded Objects now: 5619.
Total: 9.077200 ms (FindLiveObjects: 1.041800 ms CreateObjectMapping: 0.803000 ms MarkObjects: 7.165500 ms  DeleteObjects: 0.064600 ms)

========================================================================
Received Import Request.
  Time since last request: 1936.055583 seconds.
  path: Assets/Scene/SceneUI/GameRoom.unity
  artifactKey: Guid(afdf3d56f5487664ebf81c657a660789) Importer(815301076,1909f56bfc062723c751e8b465ee728b)
Start importing Assets/Scene/SceneUI/GameRoom.unity using Guid(afdf3d56f5487664ebf81c657a660789) Importer(815301076,1909f56bfc062723c751e8b465ee728b)  -> (artifact id: '44edae853b82075662ad9f97966f2522') in 0.045855 seconds
  Import took 0.067078 seconds .

========================================================================
Received Prepare
Registering precompiled user dll's ...
Registered in 0.106190 seconds.
Begin MonoManager ReloadAssembly
Native extension for WindowsStandalone target not found
Native extension for WebGL target not found
Refreshing native plugins compatible for Editor in 3.38 ms, found 11 plugins.
Preloading 1 native plugins for Editor in 0.41 ms.
NullReferenceException: Object reference not set to an instance of an object
  at Unity.XR.Oculus.OculusLoader.AssetPathToAbsolutePath (System.String assetPath) [0x00048] in C:\Users\user\OneDrive\바탕 화면\RowingRush_RPC\RowingRush\Library\PackageCache\com.unity.xr.oculus@1.9.1\Runtime\OculusLoader.cs:249 
  at Unity.XR.Oculus.OculusLoader.EditorLoadOVRPlugin () [0x0007b] in C:\Users\user\OneDrive\바탕 화면\RowingRush_RPC\RowingRush\Library\PackageCache\com.unity.xr.oculus@1.9.1\Runtime\OculusLoader.cs:234 

(Filename: Library/PackageCache/com.unity.xr.oculus@1.9.1/Runtime/OculusLoader.cs Line: 249)

Mono: successfully reloaded assembly
- Completed reload, in  4.103 seconds
Platform modules already initialized, skipping
Shader 'Universal Render Pipeline/Particles/Lit': fallback shader 'Universal Render Pipeline/Particles/SimpleLit' not found
Refreshing native plugins compatible for Editor in 3.38 ms, found 11 plugins.
Preloading 1 native plugins for Editor in 0.38 ms.
Unloading 4858 Unused Serialized files (Serialized files now loaded: 0)
System memory in use before: 283.4 MB.
System memory in use after: 283.9 MB.

Unloading 49 unused Assets to reduce memory usage. Loaded Objects now: 5624.
Total: 10.878300 ms (FindLiveObjects: 0.973600 ms CreateObjectMapping: 0.744900 ms MarkObjects: 9.074300 ms  DeleteObjects: 0.082900 ms)

========================================================================
Received Import Request.
  Time since last request: 388.394270 seconds.
  path: Assets/Scene/SceneUI/GameRoom.unity
  artifactKey: Guid(afdf3d56f5487664ebf81c657a660789) Importer(815301076,1909f56bfc062723c751e8b465ee728b)
Start importing Assets/Scene/SceneUI/GameRoom.unity using Guid(afdf3d56f5487664ebf81c657a660789) Importer(815301076,1909f56bfc062723c751e8b465ee728b)  -> (artifact id: 'c1911835c2adbb6a6e6e2c8d1c5fe532') in 0.031034 seconds
  Import took 0.050343 seconds .

========================================================================
Received Prepare
Registering precompiled user dll's ...
Registered in 0.098509 seconds.
Begin MonoManager ReloadAssembly
Native extension for WindowsStandalone target not found
Native extension for WebGL target not found
Refreshing native plugins compatible for Editor in 3.41 ms, found 11 plugins.
Preloading 1 native plugins for Editor in 0.36 ms.
NullReferenceException: Object reference not set to an instance of an object
  at Unity.XR.Oculus.OculusLoader.AssetPathToAbsolutePath (System.String assetPath) [0x00048] in C:\Users\user\OneDrive\바탕 화면\RowingRush_RPC\RowingRush\Library\PackageCache\com.unity.xr.oculus@1.9.1\Runtime\OculusLoader.cs:249 
  at Unity.XR.Oculus.OculusLoader.EditorLoadOVRPlugin () [0x0007b] in C:\Users\user\OneDrive\바탕 화면\RowingRush_RPC\RowingRush\Library\PackageCache\com.unity.xr.oculus@1.9.1\Runtime\OculusLoader.cs:234 

(Filename: Library/PackageCache/com.unity.xr.oculus@1.9.1/Runtime/OculusLoader.cs Line: 249)

Mono: successfully reloaded assembly
- Completed reload, in  4.049 seconds
Platform modules already initialized, skipping
Shader 'Universal Render Pipeline/Particles/Lit': fallback shader 'Universal Render Pipeline/Particles/SimpleLit' not found
Refreshing native plugins compatible for Editor in 3.53 ms, found 11 plugins.
Preloading 1 native plugins for Editor in 0.43 ms.
Unloading 4858 Unused Serialized files (Serialized files now loaded: 0)
System memory in use before: 283.5 MB.
System memory in use after: 283.9 MB.

Unloading 49 unused Assets to reduce memory usage. Loaded Objects now: 5629.
Total: 8.412600 ms (FindLiveObjects: 0.803400 ms CreateObjectMapping: 0.624700 ms MarkObjects: 6.915400 ms  DeleteObjects: 0.065600 ms)

========================================================================
Received Import Request.
  Time since last request: 100.339446 seconds.
  path: Assets/Scene/SceneUI/GameRoom.unity
  artifactKey: Guid(afdf3d56f5487664ebf81c657a660789) Importer(815301076,1909f56bfc062723c751e8b465ee728b)
Start importing Assets/Scene/SceneUI/GameRoom.unity using Guid(afdf3d56f5487664ebf81c657a660789) Importer(815301076,1909f56bfc062723c751e8b465ee728b)  -> (artifact id: '1210cacc22900376d758030322246ea2') in 0.031670 seconds
  Import took 0.050063 seconds .

========================================================================
Received Import Request.
  Time since last request: 48.034982 seconds.
  path: Assets/Scene/SceneUI/GameRoom.unity
  artifactKey: Guid(afdf3d56f5487664ebf81c657a660789) Importer(815301076,1909f56bfc062723c751e8b465ee728b)
Start importing Assets/Scene/SceneUI/GameRoom.unity using Guid(afdf3d56f5487664ebf81c657a660789) Importer(815301076,1909f56bfc062723c751e8b465ee728b)  -> (artifact id: '29344b0f6f98fd703ad1a08bc8f6d69d') in 0.011022 seconds
  Import took 0.030989 seconds .

========================================================================
Received Import Request.
  Time since last request: 0.017192 seconds.
  path: Assets/Scene/SceneUI/GameRoom.unity
  artifactKey: Guid(afdf3d56f5487664ebf81c657a660789) Importer(815301076,1909f56bfc062723c751e8b465ee728b)
Start importing Assets/Scene/SceneUI/GameRoom.unity using Guid(afdf3d56f5487664ebf81c657a660789) Importer(815301076,1909f56bfc062723c751e8b465ee728b)  -> (artifact id: '29344b0f6f98fd703ad1a08bc8f6d69d') in 0.009045 seconds
  Import took 0.028489 seconds .

========================================================================
Received Prepare
Registering precompiled user dll's ...
Registered in 0.132979 seconds.
Begin MonoManager ReloadAssembly
Native extension for WindowsStandalone target not found
Native extension for WebGL target not found
Refreshing native plugins compatible for Editor in 3.41 ms, found 11 plugins.
Preloading 1 native plugins for Editor in 0.41 ms.
NullReferenceException: Object reference not set to an instance of an object
  at Unity.XR.Oculus.OculusLoader.AssetPathToAbsolutePath (System.String assetPath) [0x00048] in C:\Users\user\OneDrive\바탕 화면\RowingRush_RPC\RowingRush\Library\PackageCache\com.unity.xr.oculus@1.9.1\Runtime\OculusLoader.cs:249 
  at Unity.XR.Oculus.OculusLoader.EditorLoadOVRPlugin () [0x0007b] in C:\Users\user\OneDrive\바탕 화면\RowingRush_RPC\RowingRush\Library\PackageCache\com.unity.xr.oculus@1.9.1\Runtime\OculusLoader.cs:234 

(Filename: Library/PackageCache/com.unity.xr.oculus@1.9.1/Runtime/OculusLoader.cs Line: 249)

Mono: successfully reloaded assembly
- Completed reload, in  4.514 seconds
Platform modules already initialized, skipping
Shader 'Universal Render Pipeline/Particles/Lit': fallback shader 'Universal Render Pipeline/Particles/SimpleLit' not found
Refreshing native plugins compatible for Editor in 2.34 ms, found 11 plugins.
Preloading 1 native plugins for Editor in 0.31 ms.
Unloading 4858 Unused Serialized files (Serialized files now loaded: 0)
System memory in use before: 283.5 MB.
System memory in use after: 284.0 MB.

Unloading 49 unused Assets to reduce memory usage. Loaded Objects now: 5634.
Total: 16.095800 ms (FindLiveObjects: 2.299600 ms CreateObjectMapping: 2.867800 ms MarkObjects: 10.391000 ms  DeleteObjects: 0.533800 ms)

========================================================================
Received Prepare
Registering precompiled user dll's ...
Registered in 0.101401 seconds.
Begin MonoManager ReloadAssembly
Native extension for WindowsStandalone target not found
Native extension for WebGL target not found
Refreshing native plugins compatible for Editor in 3.62 ms, found 11 plugins.
Preloading 1 native plugins for Editor in 0.43 ms.
NullReferenceException: Object reference not set to an instance of an object
  at Unity.XR.Oculus.OculusLoader.AssetPathToAbsolutePath (System.String assetPath) [0x00048] in C:\Users\user\OneDrive\바탕 화면\RowingRush_RPC\RowingRush\Library\PackageCache\com.unity.xr.oculus@1.9.1\Runtime\OculusLoader.cs:249 
  at Unity.XR.Oculus.OculusLoader.EditorLoadOVRPlugin () [0x0007b] in C:\Users\user\OneDrive\바탕 화면\RowingRush_RPC\RowingRush\Library\PackageCache\com.unity.xr.oculus@1.9.1\Runtime\OculusLoader.cs:234 

(Filename: Library/PackageCache/com.unity.xr.oculus@1.9.1/Runtime/OculusLoader.cs Line: 249)

Mono: successfully reloaded assembly
- Completed reload, in  4.776 seconds
Platform modules already initialized, skipping
Shader 'Universal Render Pipeline/Particles/Lit': fallback shader 'Universal Render Pipeline/Particles/SimpleLit' not found
Refreshing native plugins compatible for Editor in 3.91 ms, found 11 plugins.
Preloading 1 native plugins for Editor in 0.50 ms.
Unloading 4858 Unused Serialized files (Serialized files now loaded: 0)
System memory in use before: 283.3 MB.
System memory in use after: 283.8 MB.

Unloading 49 unused Assets to reduce memory usage. Loaded Objects now: 5639.
Total: 11.304000 ms (FindLiveObjects: 1.123300 ms CreateObjectMapping: 0.793900 ms MarkObjects: 9.301100 ms  DeleteObjects: 0.083200 ms)

========================================================================
Received Prepare
Registering precompiled user dll's ...
Registered in 0.098423 seconds.
Begin MonoManager ReloadAssembly
Native extension for WindowsStandalone target not found
Native extension for WebGL target not found
Refreshing native plugins compatible for Editor in 3.50 ms, found 11 plugins.
Preloading 1 native plugins for Editor in 0.37 ms.
NullReferenceException: Object reference not set to an instance of an object
  at Unity.XR.Oculus.OculusLoader.AssetPathToAbsolutePath (System.String assetPath) [0x00048] in C:\Users\user\OneDrive\바탕 화면\RowingRush_RPC\RowingRush\Library\PackageCache\com.unity.xr.oculus@1.9.1\Runtime\OculusLoader.cs:249 
  at Unity.XR.Oculus.OculusLoader.EditorLoadOVRPlugin () [0x0007b] in C:\Users\user\OneDrive\바탕 화면\RowingRush_RPC\RowingRush\Library\PackageCache\com.unity.xr.oculus@1.9.1\Runtime\OculusLoader.cs:234 

(Filename: Library/PackageCache/com.unity.xr.oculus@1.9.1/Runtime/OculusLoader.cs Line: 249)

Mono: successfully reloaded assembly
- Completed reload, in  4.160 seconds
Platform modules already initialized, skipping
Shader 'Universal Render Pipeline/Particles/Lit': fallback shader 'Universal Render Pipeline/Particles/SimpleLit' not found
Refreshing native plugins compatible for Editor in 2.23 ms, found 11 plugins.
Preloading 1 native plugins for Editor in 0.30 ms.
Unloading 4858 Unused Serialized files (Serialized files now loaded: 0)
System memory in use before: 283.5 MB.
System memory in use after: 284.0 MB.

Unloading 49 unused Assets to reduce memory usage. Loaded Objects now: 5644.
Total: 11.097700 ms (FindLiveObjects: 1.590800 ms CreateObjectMapping: 0.834000 ms MarkObjects: 8.587000 ms  DeleteObjects: 0.083100 ms)

========================================================================
Received Import Request.
  Time since last request: 192.273314 seconds.
  path: Assets/Scene/SceneUI/GameRoom.unity
  artifactKey: Guid(afdf3d56f5487664ebf81c657a660789) Importer(815301076,1909f56bfc062723c751e8b465ee728b)
Start importing Assets/Scene/SceneUI/GameRoom.unity using Guid(afdf3d56f5487664ebf81c657a660789) Importer(815301076,1909f56bfc062723c751e8b465ee728b)  -> (artifact id: '94b8789075e219fbadb687111b957efc') in 0.034094 seconds
  Import took 0.052271 seconds .

========================================================================
Received Prepare
Registering precompiled user dll's ...
Registered in 0.129687 seconds.
Begin MonoManager ReloadAssembly
Native extension for WindowsStandalone target not found
Native extension for WebGL target not found
Refreshing native plugins compatible for Editor in 3.39 ms, found 11 plugins.
Preloading 1 native plugins for Editor in 0.42 ms.
NullReferenceException: Object reference not set to an instance of an object
  at Unity.XR.Oculus.OculusLoader.AssetPathToAbsolutePath (System.String assetPath) [0x00048] in C:\Users\user\OneDrive\바탕 화면\RowingRush_RPC\RowingRush\Library\PackageCache\com.unity.xr.oculus@1.9.1\Runtime\OculusLoader.cs:249 
  at Unity.XR.Oculus.OculusLoader.EditorLoadOVRPlugin () [0x0007b] in C:\Users\user\OneDrive\바탕 화면\RowingRush_RPC\RowingRush\Library\PackageCache\com.unity.xr.oculus@1.9.1\Runtime\OculusLoader.cs:234 

(Filename: Library/PackageCache/com.unity.xr.oculus@1.9.1/Runtime/OculusLoader.cs Line: 249)

Mono: successfully reloaded assembly
- Completed reload, in  4.223 seconds
Platform modules already initialized, skipping
Shader 'Universal Render Pipeline/Particles/Lit': fallback shader 'Universal Render Pipeline/Particles/SimpleLit' not found
Refreshing native plugins compatible for Editor in 2.23 ms, found 11 plugins.
Preloading 1 native plugins for Editor in 0.34 ms.
Unloading 4858 Unused Serialized files (Serialized files now loaded: 0)
System memory in use before: 283.6 MB.
System memory in use after: 284.0 MB.

Unloading 49 unused Assets to reduce memory usage. Loaded Objects now: 5649.
Total: 12.090200 ms (FindLiveObjects: 1.397300 ms CreateObjectMapping: 0.807500 ms MarkObjects: 9.793700 ms  DeleteObjects: 0.089000 ms)

========================================================================
Received Prepare
Registering precompiled user dll's ...
Registered in 0.110400 seconds.
Begin MonoManager ReloadAssembly
Native extension for WindowsStandalone target not found
Native extension for WebGL target not found
Refreshing native plugins compatible for Editor in 2.75 ms, found 11 plugins.
Preloading 1 native plugins for Editor in 0.48 ms.
NullReferenceException: Object reference not set to an instance of an object
  at Unity.XR.Oculus.OculusLoader.AssetPathToAbsolutePath (System.String assetPath) [0x00048] in C:\Users\user\OneDrive\바탕 화면\RowingRush_RPC\RowingRush\Library\PackageCache\com.unity.xr.oculus@1.9.1\Runtime\OculusLoader.cs:249 
  at Unity.XR.Oculus.OculusLoader.EditorLoadOVRPlugin () [0x0007b] in C:\Users\user\OneDrive\바탕 화면\RowingRush_RPC\RowingRush\Library\PackageCache\com.unity.xr.oculus@1.9.1\Runtime\OculusLoader.cs:234 

(Filename: Library/PackageCache/com.unity.xr.oculus@1.9.1/Runtime/OculusLoader.cs Line: 249)

Mono: successfully reloaded assembly
- Completed reload, in  4.409 seconds
Platform modules already initialized, skipping
Shader 'Universal Render Pipeline/Particles/Lit': fallback shader 'Universal Render Pipeline/Particles/SimpleLit' not found
Refreshing native plugins compatible for Editor in 2.18 ms, found 11 plugins.
Preloading 1 native plugins for Editor in 0.30 ms.
Unloading 4858 Unused Serialized files (Serialized files now loaded: 0)
System memory in use before: 283.6 MB.
System memory in use after: 284.0 MB.

Unloading 49 unused Assets to reduce memory usage. Loaded Objects now: 5654.
Total: 9.277000 ms (FindLiveObjects: 1.074400 ms CreateObjectMapping: 0.736600 ms MarkObjects: 7.387300 ms  DeleteObjects: 0.076600 ms)

========================================================================
Received Prepare
Registering precompiled user dll's ...
Registered in 0.108447 seconds.
Begin MonoManager ReloadAssembly
Native extension for WindowsStandalone target not found
Native extension for WebGL target not found
Refreshing native plugins compatible for Editor in 3.36 ms, found 11 plugins.
Preloading 1 native plugins for Editor in 0.37 ms.
NullReferenceException: Object reference not set to an instance of an object
  at Unity.XR.Oculus.OculusLoader.AssetPathToAbsolutePath (System.String assetPath) [0x00048] in C:\Users\user\OneDrive\바탕 화면\RowingRush_RPC\RowingRush\Library\PackageCache\com.unity.xr.oculus@1.9.1\Runtime\OculusLoader.cs:249 
  at Unity.XR.Oculus.OculusLoader.EditorLoadOVRPlugin () [0x0007b] in C:\Users\user\OneDrive\바탕 화면\RowingRush_RPC\RowingRush\Library\PackageCache\com.unity.xr.oculus@1.9.1\Runtime\OculusLoader.cs:234 

(Filename: Library/PackageCache/com.unity.xr.oculus@1.9.1/Runtime/OculusLoader.cs Line: 249)

Mono: successfully reloaded assembly
- Completed reload, in  4.083 seconds
Platform modules already initialized, skipping
Shader 'Universal Render Pipeline/Particles/Lit': fallback shader 'Universal Render Pipeline/Particles/SimpleLit' not found
Refreshing native plugins compatible for Editor in 2.33 ms, found 11 plugins.
Preloading 1 native plugins for Editor in 0.33 ms.
Unloading 4858 Unused Serialized files (Serialized files now loaded: 0)
System memory in use before: 283.6 MB.
System memory in use after: 284.0 MB.

Unloading 49 unused Assets to reduce memory usage. Loaded Objects now: 5659.
Total: 11.526700 ms (FindLiveObjects: 1.030900 ms CreateObjectMapping: 0.699800 ms MarkObjects: 9.223000 ms  DeleteObjects: 0.570200 ms)

AssetImportWorkerClient::OnTransportError - code=2 error=End of file
