Using pre-set license
Built from '2020.3/staging' branch; Version is '2020.3.10f1 (297d780c91bc) revision 2719096'; Using compiler version '192528614'; Build Type 'Release'
OS: 'Windows 10 Home; OS build 19042.1288; Version 2009; 64bit' Language: 'ko' Physical Memory: 7993 MB
BatchMode: 1, IsHumanControllingUs: 0, StartBugReporterOnCrash: 0, Is64bit: 1, IsPro: 0

 COMMAND LINE ARGUMENTS:
C:\Program Files\Unity\Hub\Editor\2020.3.10f1\Editor\Unity.exe
-adb2
-batchMode
-noUpm
-name
AssetImportWorker3
-projectPath
C:/Users/user/OneDrive/바탕 화면/RowingRush_RPC/RowingRush
-logFile
Logs/AssetImportWorker3.log
-srvPort
65343
Successfully changed project path to: C:/Users/user/OneDrive/바탕 화면/RowingRush_RPC/RowingRush
C:/Users/user/OneDrive/바탕 화면/RowingRush_RPC/RowingRush
Using Asset Import Pipeline V2.
Refreshing native plugins compatible for Editor in 318.11 ms, found 11 plugins.
Preloading 1 native plugins for Editor in 2.00 ms.
Initialize engine version: 2020.3.10f1 (297d780c91bc)
[Subsystems] Discovering subsystems at path C:/Program Files/Unity/Hub/Editor/2020.3.10f1/Editor/Data/Resources/UnitySubsystems
[Subsystems] Discovering subsystems at path C:/Users/user/OneDrive/바탕 화면/RowingRush_RPC/RowingRush/Assets
GfxDevice: creating device client; threaded=0
Direct3D:
    Version:  Direct3D 11.0 [level 11.1]
    Renderer: Intel(R) UHD Graphics (ID=0x9b41)
    Vendor:   
    VRAM:     3996 MB
    Driver:   27.20.100.9079
Shader 'Universal Render Pipeline/Particles/Lit': fallback shader 'Universal Render Pipeline/Particles/SimpleLit' not found
Initialize mono
Mono path[0] = 'C:/Program Files/Unity/Hub/Editor/2020.3.10f1/Editor/Data/Managed'
Mono path[1] = 'C:/Program Files/Unity/Hub/Editor/2020.3.10f1/Editor/Data/MonoBleedingEdge/lib/mono/unityjit'
Mono config path = 'C:/Program Files/Unity/Hub/Editor/2020.3.10f1/Editor/Data/MonoBleedingEdge/etc'
Using monoOptions --debugger-agent=transport=dt_socket,embedding=1,server=y,suspend=n,address=127.0.0.1:56164
Begin MonoManager ReloadAssembly
Registering precompiled unity dll's ...
Register platform support module: C:/Program Files/Unity/Hub/Editor/2020.3.10f1/Editor/Data/PlaybackEngines/WebGLSupport/UnityEditor.WebGL.Extensions.dll
Register platform support module: C:/Program Files/Unity/Hub/Editor/2020.3.10f1/Editor/Data/PlaybackEngines/WindowsStandaloneSupport/UnityEditor.WindowsStandalone.Extensions.dll
Registered in 0.005226 seconds.
Native extension for WindowsStandalone target not found
Native extension for WebGL target not found
Refreshing native plugins compatible for Editor in 177.97 ms, found 11 plugins.
Preloading 1 native plugins for Editor in 0.24 ms.
Mono: successfully reloaded assembly
- Completed reload, in  4.372 seconds
Platform modules already initialized, skipping
Registering precompiled user dll's ...
Registered in 0.061246 seconds.
Begin MonoManager ReloadAssembly
Native extension for WindowsStandalone target not found
Native extension for WebGL target not found
Refreshing native plugins compatible for Editor in 201.62 ms, found 11 plugins.
Preloading 1 native plugins for Editor in 0.23 ms.
[XR] OculusXRPlugin: registering subsystems
[XR] Unable to register display lifecyle provider: [1]
[XR] Oculus Input lifecycle provider registered.
[XR] Unable to register input lifecyle provider: [1]
NullReferenceException: Object reference not set to an instance of an object
  at Unity.XR.Oculus.OculusLoader.AssetPathToAbsolutePath (System.String assetPath) [0x00048] in C:\Users\user\OneDrive\바탕 화면\RowingRush_RPC\RowingRush\Library\PackageCache\com.unity.xr.oculus@1.9.1\Runtime\OculusLoader.cs:249 
  at Unity.XR.Oculus.OculusLoader.EditorLoadOVRPlugin () [0x0007b] in C:\Users\user\OneDrive\바탕 화면\RowingRush_RPC\RowingRush\Library\PackageCache\com.unity.xr.oculus@1.9.1\Runtime\OculusLoader.cs:234 

(Filename: Library/PackageCache/com.unity.xr.oculus@1.9.1/Runtime/OculusLoader.cs Line: 249)

Mono: successfully reloaded assembly
- Completed reload, in 12.714 seconds
Platform modules already initialized, skipping
========================================================================
Worker process is ready to serve import requests
Shader 'Universal Render Pipeline/Particles/Lit': fallback shader 'Universal Render Pipeline/Particles/SimpleLit' not found
Launched and connected shader compiler UnityShaderCompiler.exe after 0.10 seconds
Refreshing native plugins compatible for Editor in 2.78 ms, found 11 plugins.
Preloading 1 native plugins for Editor in 0.29 ms.
Unloading 5108 Unused Serialized files (Serialized files now loaded: 0)
System memory in use before: 293.7 MB.
System memory in use after: 294.0 MB.

Unloading 57 unused Assets to reduce memory usage. Loaded Objects now: 5610.
Total: 6.868400 ms (FindLiveObjects: 0.701900 ms CreateObjectMapping: 0.569700 ms MarkObjects: 5.441500 ms  DeleteObjects: 0.153300 ms)

========================================================================
Received Import Request.
  path: Assets/DefaultControls.inputactions
  artifactKey: Guid(b6d38441108fd47498b3879db7c3eef0) Importer(815301076,1909f56bfc062723c751e8b465ee728b)
Start importing Assets/DefaultControls.inputactions using Guid(b6d38441108fd47498b3879db7c3eef0) Importer(815301076,1909f56bfc062723c751e8b465ee728b)  -> (artifact id: '51691e40ca7a38da0ec8ce6f74845744') in 0.084116 seconds
  Import took 0.098794 seconds .

========================================================================
Received Import Request.
  Time since last request: 0.000298 seconds.
  path: Assets/New Material.mat
  artifactKey: Guid(267ca3b5756bfd94e92c8c9f78341205) Importer(815301076,1909f56bfc062723c751e8b465ee728b)
Start importing Assets/New Material.mat using Guid(267ca3b5756bfd94e92c8c9f78341205) Importer(815301076,1909f56bfc062723c751e8b465ee728b)  -> (artifact id: '9a9bbfa66b0140715d247f0af2ac07b9') in 1.338499 seconds
  Import took 1.352051 seconds .

========================================================================
Received Import Request.
  Time since last request: 0.000296 seconds.
  path: Assets/SeaVertDisp Variant.prefab
  artifactKey: Guid(3098ec0598b16d940b53ee528705ae29) Importer(815301076,1909f56bfc062723c751e8b465ee728b)
Start importing Assets/SeaVertDisp Variant.prefab using Guid(3098ec0598b16d940b53ee528705ae29) Importer(815301076,1909f56bfc062723c751e8b465ee728b)  -> (artifact id: '97207ee64828227c6d6515edd8c34444') in 1.084137 seconds
  Import took 1.097545 seconds .

========================================================================
Received Import Request.
  Time since last request: 0.000294 seconds.
  path: Assets/BebasNeue-Regular.ttf
  artifactKey: Guid(514d0872f00eb634186b1d97493664b9) Importer(815301076,1909f56bfc062723c751e8b465ee728b)
Start importing Assets/BebasNeue-Regular.ttf using Guid(514d0872f00eb634186b1d97493664b9) Importer(815301076,1909f56bfc062723c751e8b465ee728b)  -> (artifact id: '78c615ff5619c28c6990b7239d461da6') in 0.081460 seconds
  Import took 0.096315 seconds .

========================================================================
Received Import Request.
  Time since last request: 0.000325 seconds.
  path: Assets/KakaoTalk_20211004_144607265_01.jpg
  artifactKey: Guid(7629f58b39459554eb92b53a00dac8e1) Importer(815301076,1909f56bfc062723c751e8b465ee728b)
Start importing Assets/KakaoTalk_20211004_144607265_01.jpg using Guid(7629f58b39459554eb92b53a00dac8e1) Importer(815301076,1909f56bfc062723c751e8b465ee728b)  -> (artifact id: '741237ab86e26fbdc448da792350be47') in 0.106746 seconds
  Import took 0.120644 seconds .

========================================================================
Received Import Request.
  Time since last request: 0.000324 seconds.
  path: Assets/Tree.prefab
  artifactKey: Guid(61362d33d3546114d85dadfa670f85be) Importer(815301076,1909f56bfc062723c751e8b465ee728b)
Start importing Assets/Tree.prefab using Guid(61362d33d3546114d85dadfa670f85be) Importer(815301076,1909f56bfc062723c751e8b465ee728b)  -> (artifact id: '1b4da7f56ed3b12de98d367960143314') in 0.872643 seconds
  Import took 0.889153 seconds .

========================================================================
Received Import Request.
  Time since last request: 0.000301 seconds.
  path: Assets/Readme.asset
  artifactKey: Guid(83c2ed844a8c74b779a4c823d16594b1) Importer(815301076,1909f56bfc062723c751e8b465ee728b)
Start importing Assets/Readme.asset using Guid(83c2ed844a8c74b779a4c823d16594b1) Importer(815301076,1909f56bfc062723c751e8b465ee728b)  -> (artifact id: '7c3b9f17ff219922461d349995487975') in 0.032359 seconds
  Import took 0.050364 seconds .

========================================================================
Received Import Request.
  Time since last request: 206.061424 seconds.
  path: Assets/Scene/SceneUI/GameRoom.unity
  artifactKey: Guid(afdf3d56f5487664ebf81c657a660789) Importer(815301076,1909f56bfc062723c751e8b465ee728b)
Start importing Assets/Scene/SceneUI/GameRoom.unity using Guid(afdf3d56f5487664ebf81c657a660789) Importer(815301076,1909f56bfc062723c751e8b465ee728b)  -> (artifact id: '7b96a0b48673ca6dbc02da5b8b06701e') in 0.018142 seconds
  Import took 0.032893 seconds .

========================================================================
Received Import Request.
  Time since last request: 20.593480 seconds.
  path: Assets/Scene/SceneUI/Select.unity
  artifactKey: Guid(18e1275ec8c96a94481d075832766326) Importer(815301076,1909f56bfc062723c751e8b465ee728b)
Start importing Assets/Scene/SceneUI/Select.unity using Guid(18e1275ec8c96a94481d075832766326) Importer(815301076,1909f56bfc062723c751e8b465ee728b)  -> (artifact id: '33bae2e72e0d774e4532cddba1c301fe') in 0.014812 seconds
  Import took 0.037159 seconds .

========================================================================
Received Import Request.
  Time since last request: 0.004609 seconds.
  path: Assets/Scene/SceneUI/Select.unity
  artifactKey: Guid(18e1275ec8c96a94481d075832766326) Importer(815301076,1909f56bfc062723c751e8b465ee728b)
Start importing Assets/Scene/SceneUI/Select.unity using Guid(18e1275ec8c96a94481d075832766326) Importer(815301076,1909f56bfc062723c751e8b465ee728b)  -> (artifact id: '33bae2e72e0d774e4532cddba1c301fe') in 0.007300 seconds
  Import took 0.021201 seconds .

========================================================================
Received Import Request.
  Time since last request: 17.843561 seconds.
  path: Assets/Scene/SceneUI/E_Start.unity
  artifactKey: Guid(5c0c54b53df095c4b95a2767f5337c30) Importer(815301076,1909f56bfc062723c751e8b465ee728b)
Start importing Assets/Scene/SceneUI/E_Start.unity using Guid(5c0c54b53df095c4b95a2767f5337c30) Importer(815301076,1909f56bfc062723c751e8b465ee728b)  -> (artifact id: '29c60ebf9ecad86d3aeb9bbb165a3f94') in 0.019658 seconds
  Import took 0.033980 seconds .

========================================================================
Received Prepare
Registering precompiled user dll's ...
Registered in 0.108208 seconds.
Begin MonoManager ReloadAssembly
Native extension for WindowsStandalone target not found
Native extension for WebGL target not found
Refreshing native plugins compatible for Editor in 2.15 ms, found 11 plugins.
Preloading 1 native plugins for Editor in 0.28 ms.
NullReferenceException: Object reference not set to an instance of an object
  at Unity.XR.Oculus.OculusLoader.AssetPathToAbsolutePath (System.String assetPath) [0x00048] in C:\Users\user\OneDrive\바탕 화면\RowingRush_RPC\RowingRush\Library\PackageCache\com.unity.xr.oculus@1.9.1\Runtime\OculusLoader.cs:249 
  at Unity.XR.Oculus.OculusLoader.EditorLoadOVRPlugin () [0x0007b] in C:\Users\user\OneDrive\바탕 화면\RowingRush_RPC\RowingRush\Library\PackageCache\com.unity.xr.oculus@1.9.1\Runtime\OculusLoader.cs:234 

(Filename: Library/PackageCache/com.unity.xr.oculus@1.9.1/Runtime/OculusLoader.cs Line: 249)

Mono: successfully reloaded assembly
- Completed reload, in  4.726 seconds
Platform modules already initialized, skipping
Shader 'Universal Render Pipeline/Particles/Lit': fallback shader 'Universal Render Pipeline/Particles/SimpleLit' not found
Refreshing native plugins compatible for Editor in 2.59 ms, found 11 plugins.
Preloading 1 native plugins for Editor in 0.24 ms.
Unloading 4858 Unused Serialized files (Serialized files now loaded: 0)
System memory in use before: 289.4 MB.
System memory in use after: 289.9 MB.

Unloading 49 unused Assets to reduce memory usage. Loaded Objects now: 5791.
Total: 11.858900 ms (FindLiveObjects: 1.477700 ms CreateObjectMapping: 1.269700 ms MarkObjects: 9.025800 ms  DeleteObjects: 0.083000 ms)

========================================================================
Received Prepare
Registering precompiled user dll's ...
Registered in 0.089943 seconds.
Begin MonoManager ReloadAssembly
Native extension for WindowsStandalone target not found
Native extension for WebGL target not found
Refreshing native plugins compatible for Editor in 2.07 ms, found 11 plugins.
Preloading 1 native plugins for Editor in 0.26 ms.
NullReferenceException: Object reference not set to an instance of an object
  at Unity.XR.Oculus.OculusLoader.AssetPathToAbsolutePath (System.String assetPath) [0x00048] in C:\Users\user\OneDrive\바탕 화면\RowingRush_RPC\RowingRush\Library\PackageCache\com.unity.xr.oculus@1.9.1\Runtime\OculusLoader.cs:249 
  at Unity.XR.Oculus.OculusLoader.EditorLoadOVRPlugin () [0x0007b] in C:\Users\user\OneDrive\바탕 화면\RowingRush_RPC\RowingRush\Library\PackageCache\com.unity.xr.oculus@1.9.1\Runtime\OculusLoader.cs:234 

(Filename: Library/PackageCache/com.unity.xr.oculus@1.9.1/Runtime/OculusLoader.cs Line: 249)

Mono: successfully reloaded assembly
- Completed reload, in  4.491 seconds
Platform modules already initialized, skipping
Shader 'Universal Render Pipeline/Particles/Lit': fallback shader 'Universal Render Pipeline/Particles/SimpleLit' not found
Refreshing native plugins compatible for Editor in 2.15 ms, found 11 plugins.
Preloading 1 native plugins for Editor in 0.29 ms.
Unloading 4858 Unused Serialized files (Serialized files now loaded: 0)
System memory in use before: 289.5 MB.
System memory in use after: 289.9 MB.

Unloading 49 unused Assets to reduce memory usage. Loaded Objects now: 5796.
Total: 11.400100 ms (FindLiveObjects: 0.902200 ms CreateObjectMapping: 0.976500 ms MarkObjects: 9.458500 ms  DeleteObjects: 0.060800 ms)

========================================================================
Received Import Request.
  Time since last request: 1273.800750 seconds.
  path: Assets/Scripts/DataMgr.cs
  artifactKey: Guid(61afb444b2506c74283733346ed54b02) Importer(815301076,1909f56bfc062723c751e8b465ee728b)
Start importing Assets/Scripts/DataMgr.cs using Guid(61afb444b2506c74283733346ed54b02) Importer(815301076,1909f56bfc062723c751e8b465ee728b)  -> (artifact id: '1d36a0e2acfc90cfa037c17dff7c2805') in 0.039107 seconds
  Import took 0.053565 seconds .

========================================================================
Received Import Request.
  Time since last request: 420.361908 seconds.
  path: Assets/Scripts
  artifactKey: Guid(02a3527b6b33a924e8ec66aa805ea717) Importer(815301076,1909f56bfc062723c751e8b465ee728b)
Start importing Assets/Scripts using Guid(02a3527b6b33a924e8ec66aa805ea717) Importer(815301076,1909f56bfc062723c751e8b465ee728b)  -> (artifact id: '3d22bec3b2937c29cd085e1506c06094') in 0.015632 seconds
  Import took 0.029156 seconds .

========================================================================
Received Import Request.
  Time since last request: 218.400923 seconds.
  path: Assets/Scripts/GameMgr.cs
  artifactKey: Guid(4fef9df184395e941932fa002815eed6) Importer(815301076,1909f56bfc062723c751e8b465ee728b)
Start importing Assets/Scripts/GameMgr.cs using Guid(4fef9df184395e941932fa002815eed6) Importer(815301076,1909f56bfc062723c751e8b465ee728b)  -> (artifact id: 'de456a6f8b31170dce58fe5176fa7485') in 0.015294 seconds
  Import took 0.029655 seconds .

========================================================================
Received Import Request.
  Time since last request: 10.245913 seconds.
  path: Assets/Scripts/GSmanager.cs
  artifactKey: Guid(3b908fbe8e6a6604596cfab5209aeb45) Importer(815301076,1909f56bfc062723c751e8b465ee728b)
Start importing Assets/Scripts/GSmanager.cs using Guid(3b908fbe8e6a6604596cfab5209aeb45) Importer(815301076,1909f56bfc062723c751e8b465ee728b)  -> (artifact id: '9053fcc8553da5aec631ac5cb615b244') in 0.016561 seconds
  Import took 0.030896 seconds .

========================================================================
Received Import Request.
  Time since last request: 0.006223 seconds.
  path: Assets/Scripts/GSmanager.cs
  artifactKey: Guid(3b908fbe8e6a6604596cfab5209aeb45) Importer(815301076,1909f56bfc062723c751e8b465ee728b)
Start importing Assets/Scripts/GSmanager.cs using Guid(3b908fbe8e6a6604596cfab5209aeb45) Importer(815301076,1909f56bfc062723c751e8b465ee728b)  -> (artifact id: '9053fcc8553da5aec631ac5cb615b244') in 0.013662 seconds
  Import took 0.037323 seconds .

========================================================================
Received Import Request.
  Time since last request: 242.198994 seconds.
  path: Assets/Scripts/Distance.cs
  artifactKey: Guid(8a8d90907156c9143b9463a6a87fdb0a) Importer(815301076,1909f56bfc062723c751e8b465ee728b)
Start importing Assets/Scripts/Distance.cs using Guid(8a8d90907156c9143b9463a6a87fdb0a) Importer(815301076,1909f56bfc062723c751e8b465ee728b)  -> (artifact id: '45e2cfe560cede2644e91520ee14ade2') in 0.015413 seconds
  Import took 0.032765 seconds .

========================================================================
Received Prepare
Registering precompiled user dll's ...
Registered in 1.712527 seconds.
Begin MonoManager ReloadAssembly
Native extension for WindowsStandalone target not found
Native extension for WebGL target not found
Refreshing native plugins compatible for Editor in 3.27 ms, found 11 plugins.
Preloading 1 native plugins for Editor in 0.68 ms.
NullReferenceException: Object reference not set to an instance of an object
  at Unity.XR.Oculus.OculusLoader.AssetPathToAbsolutePath (System.String assetPath) [0x00048] in C:\Users\user\OneDrive\바탕 화면\RowingRush_RPC\RowingRush\Library\PackageCache\com.unity.xr.oculus@1.9.1\Runtime\OculusLoader.cs:249 
  at Unity.XR.Oculus.OculusLoader.EditorLoadOVRPlugin () [0x0007b] in C:\Users\user\OneDrive\바탕 화면\RowingRush_RPC\RowingRush\Library\PackageCache\com.unity.xr.oculus@1.9.1\Runtime\OculusLoader.cs:234 

(Filename: Library/PackageCache/com.unity.xr.oculus@1.9.1/Runtime/OculusLoader.cs Line: 249)

Mono: successfully reloaded assembly
- Completed reload, in  6.816 seconds
Platform modules already initialized, skipping
Shader 'Universal Render Pipeline/Particles/Lit': fallback shader 'Universal Render Pipeline/Particles/SimpleLit' not found
Refreshing native plugins compatible for Editor in 3.41 ms, found 11 plugins.
Preloading 1 native plugins for Editor in 0.44 ms.
Unloading 4858 Unused Serialized files (Serialized files now loaded: 0)
System memory in use before: 289.5 MB.
System memory in use after: 290.0 MB.

Unloading 49 unused Assets to reduce memory usage. Loaded Objects now: 5801.
Total: 13.602000 ms (FindLiveObjects: 1.643600 ms CreateObjectMapping: 0.850500 ms MarkObjects: 10.990500 ms  DeleteObjects: 0.109100 ms)

========================================================================
Received Import Request.
  Time since last request: 1533.009591 seconds.
  path: Assets/Scene/SceneUI/SampleSceneLightingSettings.lighting
  artifactKey: Guid(477cc4148fad3449482a3bc3178594e2) Importer(815301076,1909f56bfc062723c751e8b465ee728b)
Start importing Assets/Scene/SceneUI/SampleSceneLightingSettings.lighting using Guid(477cc4148fad3449482a3bc3178594e2) Importer(815301076,1909f56bfc062723c751e8b465ee728b)  -> (artifact id: 'df69e22166c8c1fbb8ebf45aa8ca996f') in 0.103618 seconds
  Import took 0.169344 seconds .

========================================================================
Received Import Request.
  Time since last request: 0.123525 seconds.
  path: Assets/Scene/SceneUI/SampleSceneLightingSettings.lighting
  artifactKey: Guid(477cc4148fad3449482a3bc3178594e2) Importer(815301076,1909f56bfc062723c751e8b465ee728b)
Start importing Assets/Scene/SceneUI/SampleSceneLightingSettings.lighting using Guid(477cc4148fad3449482a3bc3178594e2) Importer(815301076,1909f56bfc062723c751e8b465ee728b)  -> (artifact id: 'df69e22166c8c1fbb8ebf45aa8ca996f') in 0.023649 seconds
  Import took 0.046441 seconds .

========================================================================
Received Import Request.
  Time since last request: 10.440398 seconds.
  path: Assets/Scene/SceneUI/login.unity
  artifactKey: Guid(2c205252c63aa5344a282ceb55b431fa) Importer(815301076,1909f56bfc062723c751e8b465ee728b)
Start importing Assets/Scene/SceneUI/login.unity using Guid(2c205252c63aa5344a282ceb55b431fa) Importer(815301076,1909f56bfc062723c751e8b465ee728b)  -> (artifact id: '567892be86f5926ba5f060bb1c4d1f8e') in 0.020779 seconds
  Import took 0.036123 seconds .

========================================================================
Received Import Request.
  Time since last request: 0.001351 seconds.
  path: Assets/Scene/SceneUI/login.unity
  artifactKey: Guid(2c205252c63aa5344a282ceb55b431fa) Importer(815301076,1909f56bfc062723c751e8b465ee728b)
Start importing Assets/Scene/SceneUI/login.unity using Guid(2c205252c63aa5344a282ceb55b431fa) Importer(815301076,1909f56bfc062723c751e8b465ee728b)  -> (artifact id: '567892be86f5926ba5f060bb1c4d1f8e') in 0.010022 seconds
  Import took 0.025497 seconds .

========================================================================
Received Import Request.
  Time since last request: 100.705085 seconds.
  path: Assets/Scene/SceneUI
  artifactKey: Guid(1ddeec19e82184248a601bbf6de0528f) Importer(815301076,1909f56bfc062723c751e8b465ee728b)
Start importing Assets/Scene/SceneUI using Guid(1ddeec19e82184248a601bbf6de0528f) Importer(815301076,1909f56bfc062723c751e8b465ee728b)  -> (artifact id: 'ae407d1b00f11b53347c7f211672b52c') in 0.017937 seconds
  Import took 0.037422 seconds .

========================================================================
Received Import Request.
  Time since last request: 0.001144 seconds.
  path: Assets/Scene/SceneUI
  artifactKey: Guid(1ddeec19e82184248a601bbf6de0528f) Importer(815301076,1909f56bfc062723c751e8b465ee728b)
Start importing Assets/Scene/SceneUI using Guid(1ddeec19e82184248a601bbf6de0528f) Importer(815301076,1909f56bfc062723c751e8b465ee728b)  -> (artifact id: 'ae407d1b00f11b53347c7f211672b52c') in 0.010281 seconds
  Import took 0.028840 seconds .

========================================================================
Received Prepare
Registering precompiled user dll's ...
Registered in 0.114687 seconds.
Begin MonoManager ReloadAssembly
Native extension for WindowsStandalone target not found
Native extension for WebGL target not found
Refreshing native plugins compatible for Editor in 2.26 ms, found 11 plugins.
Preloading 1 native plugins for Editor in 0.34 ms.
NullReferenceException: Object reference not set to an instance of an object
  at Unity.XR.Oculus.OculusLoader.AssetPathToAbsolutePath (System.String assetPath) [0x00048] in C:\Users\user\OneDrive\바탕 화면\RowingRush_RPC\RowingRush\Library\PackageCache\com.unity.xr.oculus@1.9.1\Runtime\OculusLoader.cs:249 
  at Unity.XR.Oculus.OculusLoader.EditorLoadOVRPlugin () [0x0007b] in C:\Users\user\OneDrive\바탕 화면\RowingRush_RPC\RowingRush\Library\PackageCache\com.unity.xr.oculus@1.9.1\Runtime\OculusLoader.cs:234 

(Filename: Library/PackageCache/com.unity.xr.oculus@1.9.1/Runtime/OculusLoader.cs Line: 249)

Mono: successfully reloaded assembly
- Completed reload, in  4.491 seconds
Platform modules already initialized, skipping
Shader 'Universal Render Pipeline/Particles/Lit': fallback shader 'Universal Render Pipeline/Particles/SimpleLit' not found
Refreshing native plugins compatible for Editor in 2.36 ms, found 11 plugins.
Preloading 1 native plugins for Editor in 0.27 ms.
Unloading 4858 Unused Serialized files (Serialized files now loaded: 0)
System memory in use before: 289.6 MB.
System memory in use after: 290.1 MB.

Unloading 49 unused Assets to reduce memory usage. Loaded Objects now: 5806.
Total: 9.980300 ms (FindLiveObjects: 1.118200 ms CreateObjectMapping: 0.768600 ms MarkObjects: 8.013500 ms  DeleteObjects: 0.077000 ms)

========================================================================
Received Import Request.
  Time since last request: 365.530582 seconds.
  path: Assets/Scene/SceneUI/third.unity
  artifactKey: Guid(72216caee847cf14bbd4ddaa47be17e8) Importer(815301076,1909f56bfc062723c751e8b465ee728b)
Start importing Assets/Scene/SceneUI/third.unity using Guid(72216caee847cf14bbd4ddaa47be17e8) Importer(815301076,1909f56bfc062723c751e8b465ee728b)  -> (artifact id: 'c2c3e5b365b5a1b1d2878c8adcefd62a') in 0.040999 seconds
  Import took 0.061089 seconds .

========================================================================
Received Prepare
Registering precompiled user dll's ...
Registered in 0.112842 seconds.
Begin MonoManager ReloadAssembly
Native extension for WindowsStandalone target not found
Native extension for WebGL target not found
Refreshing native plugins compatible for Editor in 2.53 ms, found 11 plugins.
Preloading 1 native plugins for Editor in 0.35 ms.
NullReferenceException: Object reference not set to an instance of an object
  at Unity.XR.Oculus.OculusLoader.AssetPathToAbsolutePath (System.String assetPath) [0x00048] in C:\Users\user\OneDrive\바탕 화면\RowingRush_RPC\RowingRush\Library\PackageCache\com.unity.xr.oculus@1.9.1\Runtime\OculusLoader.cs:249 
  at Unity.XR.Oculus.OculusLoader.EditorLoadOVRPlugin () [0x0007b] in C:\Users\user\OneDrive\바탕 화면\RowingRush_RPC\RowingRush\Library\PackageCache\com.unity.xr.oculus@1.9.1\Runtime\OculusLoader.cs:234 

(Filename: Library/PackageCache/com.unity.xr.oculus@1.9.1/Runtime/OculusLoader.cs Line: 249)

Mono: successfully reloaded assembly
- Completed reload, in  5.299 seconds
Platform modules already initialized, skipping
Shader 'Universal Render Pipeline/Particles/Lit': fallback shader 'Universal Render Pipeline/Particles/SimpleLit' not found
Refreshing native plugins compatible for Editor in 3.64 ms, found 11 plugins.
Preloading 1 native plugins for Editor in 0.37 ms.
Unloading 4858 Unused Serialized files (Serialized files now loaded: 0)
System memory in use before: 289.4 MB.
System memory in use after: 289.9 MB.

Unloading 49 unused Assets to reduce memory usage. Loaded Objects now: 5811.
Total: 18.934200 ms (FindLiveObjects: 1.081900 ms CreateObjectMapping: 2.448500 ms MarkObjects: 15.324400 ms  DeleteObjects: 0.077000 ms)

========================================================================
Received Prepare
Registering precompiled user dll's ...
Registered in 0.134260 seconds.
Begin MonoManager ReloadAssembly
Native extension for WindowsStandalone target not found
Native extension for WebGL target not found
Refreshing native plugins compatible for Editor in 2.96 ms, found 11 plugins.
Preloading 1 native plugins for Editor in 0.38 ms.
NullReferenceException: Object reference not set to an instance of an object
  at Unity.XR.Oculus.OculusLoader.AssetPathToAbsolutePath (System.String assetPath) [0x00048] in C:\Users\user\OneDrive\바탕 화면\RowingRush_RPC\RowingRush\Library\PackageCache\com.unity.xr.oculus@1.9.1\Runtime\OculusLoader.cs:249 
  at Unity.XR.Oculus.OculusLoader.EditorLoadOVRPlugin () [0x0007b] in C:\Users\user\OneDrive\바탕 화면\RowingRush_RPC\RowingRush\Library\PackageCache\com.unity.xr.oculus@1.9.1\Runtime\OculusLoader.cs:234 

(Filename: Library/PackageCache/com.unity.xr.oculus@1.9.1/Runtime/OculusLoader.cs Line: 249)

Mono: successfully reloaded assembly
- Completed reload, in  3.908 seconds
Platform modules already initialized, skipping
Shader 'Universal Render Pipeline/Particles/Lit': fallback shader 'Universal Render Pipeline/Particles/SimpleLit' not found
Refreshing native plugins compatible for Editor in 3.17 ms, found 11 plugins.
Preloading 1 native plugins for Editor in 0.35 ms.
Unloading 4858 Unused Serialized files (Serialized files now loaded: 0)
System memory in use before: 289.6 MB.
System memory in use after: 290.1 MB.

Unloading 49 unused Assets to reduce memory usage. Loaded Objects now: 5816.
Total: 10.518000 ms (FindLiveObjects: 1.166200 ms CreateObjectMapping: 0.673100 ms MarkObjects: 8.619600 ms  DeleteObjects: 0.056700 ms)

========================================================================
Received Prepare
Registering precompiled user dll's ...
Registered in 0.124037 seconds.
Begin MonoManager ReloadAssembly
Native extension for WindowsStandalone target not found
Native extension for WebGL target not found
Refreshing native plugins compatible for Editor in 3.92 ms, found 11 plugins.
Preloading 1 native plugins for Editor in 0.39 ms.
NullReferenceException: Object reference not set to an instance of an object
  at Unity.XR.Oculus.OculusLoader.AssetPathToAbsolutePath (System.String assetPath) [0x00048] in C:\Users\user\OneDrive\바탕 화면\RowingRush_RPC\RowingRush\Library\PackageCache\com.unity.xr.oculus@1.9.1\Runtime\OculusLoader.cs:249 
  at Unity.XR.Oculus.OculusLoader.EditorLoadOVRPlugin () [0x0007b] in C:\Users\user\OneDrive\바탕 화면\RowingRush_RPC\RowingRush\Library\PackageCache\com.unity.xr.oculus@1.9.1\Runtime\OculusLoader.cs:234 

(Filename: Library/PackageCache/com.unity.xr.oculus@1.9.1/Runtime/OculusLoader.cs Line: 249)

Mono: successfully reloaded assembly
- Completed reload, in  5.684 seconds
Platform modules already initialized, skipping
Shader 'Universal Render Pipeline/Particles/Lit': fallback shader 'Universal Render Pipeline/Particles/SimpleLit' not found
Refreshing native plugins compatible for Editor in 7.10 ms, found 11 plugins.
Preloading 1 native plugins for Editor in 0.71 ms.
Unloading 4858 Unused Serialized files (Serialized files now loaded: 0)
System memory in use before: 289.7 MB.
System memory in use after: 290.1 MB.

Unloading 49 unused Assets to reduce memory usage. Loaded Objects now: 5821.
Total: 41.666200 ms (FindLiveObjects: 8.153100 ms CreateObjectMapping: 1.720000 ms MarkObjects: 31.616400 ms  DeleteObjects: 0.170900 ms)

========================================================================
Received Prepare
Registering precompiled user dll's ...
Registered in 0.121450 seconds.
Begin MonoManager ReloadAssembly
Native extension for WindowsStandalone target not found
Native extension for WebGL target not found
Refreshing native plugins compatible for Editor in 3.66 ms, found 11 plugins.
Preloading 1 native plugins for Editor in 0.40 ms.
NullReferenceException: Object reference not set to an instance of an object
  at Unity.XR.Oculus.OculusLoader.AssetPathToAbsolutePath (System.String assetPath) [0x00048] in C:\Users\user\OneDrive\바탕 화면\RowingRush_RPC\RowingRush\Library\PackageCache\com.unity.xr.oculus@1.9.1\Runtime\OculusLoader.cs:249 
  at Unity.XR.Oculus.OculusLoader.EditorLoadOVRPlugin () [0x0007b] in C:\Users\user\OneDrive\바탕 화면\RowingRush_RPC\RowingRush\Library\PackageCache\com.unity.xr.oculus@1.9.1\Runtime\OculusLoader.cs:234 

(Filename: Library/PackageCache/com.unity.xr.oculus@1.9.1/Runtime/OculusLoader.cs Line: 249)

Mono: successfully reloaded assembly
- Completed reload, in  6.045 seconds
Platform modules already initialized, skipping
Shader 'Universal Render Pipeline/Particles/Lit': fallback shader 'Universal Render Pipeline/Particles/SimpleLit' not found
Refreshing native plugins compatible for Editor in 2.52 ms, found 11 plugins.
Preloading 1 native plugins for Editor in 0.31 ms.
Unloading 4858 Unused Serialized files (Serialized files now loaded: 0)
System memory in use before: 289.7 MB.
System memory in use after: 290.1 MB.

Unloading 49 unused Assets to reduce memory usage. Loaded Objects now: 5826.
Total: 11.198600 ms (FindLiveObjects: 1.172400 ms CreateObjectMapping: 0.720900 ms MarkObjects: 9.210700 ms  DeleteObjects: 0.091700 ms)

========================================================================
Received Prepare
Registering precompiled user dll's ...
Registered in 0.094523 seconds.
Begin MonoManager ReloadAssembly
Native extension for WindowsStandalone target not found
Native extension for WebGL target not found
Refreshing native plugins compatible for Editor in 2.37 ms, found 11 plugins.
Preloading 1 native plugins for Editor in 0.38 ms.
NullReferenceException: Object reference not set to an instance of an object
  at Unity.XR.Oculus.OculusLoader.AssetPathToAbsolutePath (System.String assetPath) [0x00048] in C:\Users\user\OneDrive\바탕 화면\RowingRush_RPC\RowingRush\Library\PackageCache\com.unity.xr.oculus@1.9.1\Runtime\OculusLoader.cs:249 
  at Unity.XR.Oculus.OculusLoader.EditorLoadOVRPlugin () [0x0007b] in C:\Users\user\OneDrive\바탕 화면\RowingRush_RPC\RowingRush\Library\PackageCache\com.unity.xr.oculus@1.9.1\Runtime\OculusLoader.cs:234 

(Filename: Library/PackageCache/com.unity.xr.oculus@1.9.1/Runtime/OculusLoader.cs Line: 249)

Mono: successfully reloaded assembly
- Completed reload, in  4.545 seconds
Platform modules already initialized, skipping
Shader 'Universal Render Pipeline/Particles/Lit': fallback shader 'Universal Render Pipeline/Particles/SimpleLit' not found
Refreshing native plugins compatible for Editor in 2.19 ms, found 11 plugins.
Preloading 1 native plugins for Editor in 0.28 ms.
Unloading 4858 Unused Serialized files (Serialized files now loaded: 0)
System memory in use before: 289.7 MB.
System memory in use after: 290.2 MB.

Unloading 49 unused Assets to reduce memory usage. Loaded Objects now: 5831.
Total: 10.033900 ms (FindLiveObjects: 2.336000 ms CreateObjectMapping: 0.683400 ms MarkObjects: 6.924800 ms  DeleteObjects: 0.086900 ms)

========================================================================
Received Prepare
Registering precompiled user dll's ...
Registered in 0.101482 seconds.
Begin MonoManager ReloadAssembly
Native extension for WindowsStandalone target not found
Native extension for WebGL target not found
Refreshing native plugins compatible for Editor in 3.11 ms, found 11 plugins.
Preloading 1 native plugins for Editor in 0.30 ms.
NullReferenceException: Object reference not set to an instance of an object
  at Unity.XR.Oculus.OculusLoader.AssetPathToAbsolutePath (System.String assetPath) [0x00048] in C:\Users\user\OneDrive\바탕 화면\RowingRush_RPC\RowingRush\Library\PackageCache\com.unity.xr.oculus@1.9.1\Runtime\OculusLoader.cs:249 
  at Unity.XR.Oculus.OculusLoader.EditorLoadOVRPlugin () [0x0007b] in C:\Users\user\OneDrive\바탕 화면\RowingRush_RPC\RowingRush\Library\PackageCache\com.unity.xr.oculus@1.9.1\Runtime\OculusLoader.cs:234 

(Filename: Library/PackageCache/com.unity.xr.oculus@1.9.1/Runtime/OculusLoader.cs Line: 249)

Mono: successfully reloaded assembly
- Completed reload, in  3.808 seconds
Platform modules already initialized, skipping
Shader 'Universal Render Pipeline/Particles/Lit': fallback shader 'Universal Render Pipeline/Particles/SimpleLit' not found
Refreshing native plugins compatible for Editor in 2.91 ms, found 11 plugins.
Preloading 1 native plugins for Editor in 0.28 ms.
Unloading 4858 Unused Serialized files (Serialized files now loaded: 0)
System memory in use before: 289.5 MB.
System memory in use after: 290.0 MB.

Unloading 49 unused Assets to reduce memory usage. Loaded Objects now: 5836.
Total: 9.929400 ms (FindLiveObjects: 1.043200 ms CreateObjectMapping: 0.610400 ms MarkObjects: 8.196000 ms  DeleteObjects: 0.077700 ms)

========================================================================
Received Import Request.
  Time since last request: 6500.087519 seconds.
  path: Assets/Scene/SceneUI/Select.unity
  artifactKey: Guid(18e1275ec8c96a94481d075832766326) Importer(815301076,1909f56bfc062723c751e8b465ee728b)
Start importing Assets/Scene/SceneUI/Select.unity using Guid(18e1275ec8c96a94481d075832766326) Importer(815301076,1909f56bfc062723c751e8b465ee728b)  -> (artifact id: 'fd25000801afc813a27795b90a8e6146') in 1.359004 seconds
  Import took 2.224753 seconds .

========================================================================
Received Import Request.
  Time since last request: 0.215173 seconds.
  path: Assets/Scene/SceneUI/Select.unity
  artifactKey: Guid(18e1275ec8c96a94481d075832766326) Importer(815301076,1909f56bfc062723c751e8b465ee728b)
Start importing Assets/Scene/SceneUI/Select.unity using Guid(18e1275ec8c96a94481d075832766326) Importer(815301076,1909f56bfc062723c751e8b465ee728b)  -> (artifact id: 'fd25000801afc813a27795b90a8e6146') in 0.012571 seconds
  Import took 0.031261 seconds .

========================================================================
Received Prepare
Registering precompiled user dll's ...
Registered in 1.358255 seconds.
Begin MonoManager ReloadAssembly
Native extension for WindowsStandalone target not found
Native extension for WebGL target not found
Refreshing native plugins compatible for Editor in 2.99 ms, found 11 plugins.
Preloading 1 native plugins for Editor in 0.31 ms.
NullReferenceException: Object reference not set to an instance of an object
  at Unity.XR.Oculus.OculusLoader.AssetPathToAbsolutePath (System.String assetPath) [0x00048] in C:\Users\user\OneDrive\바탕 화면\RowingRush_RPC\RowingRush\Library\PackageCache\com.unity.xr.oculus@1.9.1\Runtime\OculusLoader.cs:249 
  at Unity.XR.Oculus.OculusLoader.EditorLoadOVRPlugin () [0x0007b] in C:\Users\user\OneDrive\바탕 화면\RowingRush_RPC\RowingRush\Library\PackageCache\com.unity.xr.oculus@1.9.1\Runtime\OculusLoader.cs:234 

(Filename: Library/PackageCache/com.unity.xr.oculus@1.9.1/Runtime/OculusLoader.cs Line: 249)

Mono: successfully reloaded assembly
- Completed reload, in  5.949 seconds
Platform modules already initialized, skipping
Shader 'Universal Render Pipeline/Particles/Lit': fallback shader 'Universal Render Pipeline/Particles/SimpleLit' not found
Refreshing native plugins compatible for Editor in 21.75 ms, found 11 plugins.
Preloading 1 native plugins for Editor in 0.72 ms.
Unloading 4858 Unused Serialized files (Serialized files now loaded: 0)
System memory in use before: 289.7 MB.
System memory in use after: 290.2 MB.

Unloading 49 unused Assets to reduce memory usage. Loaded Objects now: 5841.
Total: 17.394800 ms (FindLiveObjects: 2.992400 ms CreateObjectMapping: 0.985100 ms MarkObjects: 13.061100 ms  DeleteObjects: 0.313800 ms)

========================================================================
Received Import Request.
  Time since last request: 1171.781946 seconds.
  path: Assets/Scene/SceneUI/GameRoom.unity
  artifactKey: Guid(afdf3d56f5487664ebf81c657a660789) Importer(815301076,1909f56bfc062723c751e8b465ee728b)
Start importing Assets/Scene/SceneUI/GameRoom.unity using Guid(afdf3d56f5487664ebf81c657a660789) Importer(815301076,1909f56bfc062723c751e8b465ee728b)  -> (artifact id: '570f56caa791f5c205df12eb8155ac05') in 0.343267 seconds
  Import took 0.466626 seconds .

========================================================================
Received Import Request.
  Time since last request: 0.803791 seconds.
  path: Assets/Scene/SceneUI/GameRoom.unity
  artifactKey: Guid(afdf3d56f5487664ebf81c657a660789) Importer(815301076,1909f56bfc062723c751e8b465ee728b)
Start importing Assets/Scene/SceneUI/GameRoom.unity using Guid(afdf3d56f5487664ebf81c657a660789) Importer(815301076,1909f56bfc062723c751e8b465ee728b)  -> (artifact id: '570f56caa791f5c205df12eb8155ac05') in 0.028655 seconds
  Import took 0.074822 seconds .

========================================================================
Received Import Request.
  Time since last request: 24.659068 seconds.
  path: Assets/Scene/SceneUI/New Lighting Settings.lighting
  artifactKey: Guid(2bcf6755c788cf34a94f28021c94e1dd) Importer(815301076,1909f56bfc062723c751e8b465ee728b)
Start importing Assets/Scene/SceneUI/New Lighting Settings.lighting using Guid(2bcf6755c788cf34a94f28021c94e1dd) Importer(815301076,1909f56bfc062723c751e8b465ee728b)  -> (artifact id: '1f75e394fd6417d34b38ee8494d782e3') in 0.025690 seconds
  Import took 0.041820 seconds .

========================================================================
Received Import Request.
  Time since last request: 112.121751 seconds.
  path: Assets/Scene/SceneUI/Login
  artifactKey: Guid(fc28351d83a34c142a380ae5d4af301a) Importer(815301076,1909f56bfc062723c751e8b465ee728b)
Start importing Assets/Scene/SceneUI/Login using Guid(fc28351d83a34c142a380ae5d4af301a) Importer(815301076,1909f56bfc062723c751e8b465ee728b)  -> (artifact id: 'c0df2d7724eb47d0307cefca3ee01b63') in 0.017808 seconds
  Import took 0.034689 seconds .

========================================================================
Received Import Request.
  Time since last request: 77.745371 seconds.
  path: Assets/Scene/SceneUI/Select.unity
  artifactKey: Guid(18e1275ec8c96a94481d075832766326) Importer(815301076,1909f56bfc062723c751e8b465ee728b)
Start importing Assets/Scene/SceneUI/Select.unity using Guid(18e1275ec8c96a94481d075832766326) Importer(815301076,1909f56bfc062723c751e8b465ee728b)  -> (artifact id: '79ce8ea846fc3a85cceb5f9d90e5452b') in 0.022173 seconds
  Import took 0.046696 seconds .

========================================================================
Received Import Request.
  Time since last request: 10.936623 seconds.
  path: Assets/Polytope Studio/Lowpoly Medieval Environments/Sources/Materials/PT_Fruit_Tree_Foliage_Mat.mat
  artifactKey: Guid(0a1f44318dd467a45bfef81ad0e8855a) Importer(815301076,1909f56bfc062723c751e8b465ee728b)
Start importing Assets/Polytope Studio/Lowpoly Medieval Environments/Sources/Materials/PT_Fruit_Tree_Foliage_Mat.mat using Guid(0a1f44318dd467a45bfef81ad0e8855a) Importer(815301076,1909f56bfc062723c751e8b465ee728b)  -> (artifact id: '10ef50444615be0a91df270c131285f5') in 0.684669 seconds
  Import took 0.701746 seconds .

========================================================================
Received Import Request.
  Time since last request: 0.000353 seconds.
  path: Assets/Polytope Studio/Lowpoly Medieval Environments/Sources/Materials/PT_Fruit_Tree_Opaque_mat.mat
  artifactKey: Guid(3922c043c1c52cb47a7b1bfed562a4b6) Importer(815301076,1909f56bfc062723c751e8b465ee728b)
Start importing Assets/Polytope Studio/Lowpoly Medieval Environments/Sources/Materials/PT_Fruit_Tree_Opaque_mat.mat using Guid(3922c043c1c52cb47a7b1bfed562a4b6) Importer(815301076,1909f56bfc062723c751e8b465ee728b)  -> (artifact id: 'd27fecb997b8e6539d9342486320eca7') in 0.055824 seconds
  Import took 0.070785 seconds .

========================================================================
Received Import Request.
  Time since last request: 0.000338 seconds.
  path: Assets/Polytope Studio/Lowpoly Medieval Environments/Sources/Materials/PT_Terrain_mat.mat
  artifactKey: Guid(48c26796e9175d14a9b2eccded92bb92) Importer(815301076,1909f56bfc062723c751e8b465ee728b)
Start importing Assets/Polytope Studio/Lowpoly Medieval Environments/Sources/Materials/PT_Terrain_mat.mat using Guid(48c26796e9175d14a9b2eccded92bb92) Importer(815301076,1909f56bfc062723c751e8b465ee728b)  -> (artifact id: '31b8c22da7e4110424163496ae154ec1') in 0.047250 seconds
  Import took 0.065593 seconds .

========================================================================
Received Import Request.
  Time since last request: 0.000394 seconds.
  path: Assets/Polytope Studio/Lowpoly Medieval Environments/Sources/Materials/PT_Pine_Tree_Trunk_Mat.mat
  artifactKey: Guid(f43a7dc4f39c5654a8211b83259e32a9) Importer(815301076,1909f56bfc062723c751e8b465ee728b)
Start importing Assets/Polytope Studio/Lowpoly Medieval Environments/Sources/Materials/PT_Pine_Tree_Trunk_Mat.mat using Guid(f43a7dc4f39c5654a8211b83259e32a9) Importer(815301076,1909f56bfc062723c751e8b465ee728b)  -> (artifact id: '8e8a6df3ec488f3eead751cdaf608855') in 0.079035 seconds
  Import took 0.101959 seconds .

========================================================================
Received Import Request.
  Time since last request: 0.000514 seconds.
  path: Assets/Polytope Studio/Lowpoly Medieval Environments/Sources/Textures/PT_Skybox_Texture_01.png
  artifactKey: Guid(d8b9a114dc91e7d4e9885d54ca9d957f) Importer(815301076,1909f56bfc062723c751e8b465ee728b)
Start importing Assets/Polytope Studio/Lowpoly Medieval Environments/Sources/Textures/PT_Skybox_Texture_01.png using Guid(d8b9a114dc91e7d4e9885d54ca9d957f) Importer(815301076,1909f56bfc062723c751e8b465ee728b)  -> (artifact id: 'c440f2131acbadb671dd35471b046cd3') in 0.134627 seconds
  Import took 0.152945 seconds .

========================================================================
Received Import Request.
  Time since last request: 0.000330 seconds.
  path: Assets/Polytope Studio/Lowpoly Medieval Environments/Sources/Materials/PT_Grass_Mat.mat
  artifactKey: Guid(09473d06882d1414b84b1fdb7a095516) Importer(815301076,1909f56bfc062723c751e8b465ee728b)
Start importing Assets/Polytope Studio/Lowpoly Medieval Environments/Sources/Materials/PT_Grass_Mat.mat using Guid(09473d06882d1414b84b1fdb7a095516) Importer(815301076,1909f56bfc062723c751e8b465ee728b)  -> (artifact id: 'e3a3d66dd2d40ab4a65ca1ceaf390b39') in 0.062678 seconds
  Import took 0.076569 seconds .

========================================================================
Received Import Request.
  Time since last request: 0.000380 seconds.
  path: Assets/Polytope Studio/Lowpoly Medieval Environments/Sources/Materials/PT_Water_mat.mat
  artifactKey: Guid(3e36df56c6fa5f64085c14d9d4f6f8d9) Importer(815301076,1909f56bfc062723c751e8b465ee728b)
Start importing Assets/Polytope Studio/Lowpoly Medieval Environments/Sources/Materials/PT_Water_mat.mat using Guid(3e36df56c6fa5f64085c14d9d4f6f8d9) Importer(815301076,1909f56bfc062723c751e8b465ee728b)  -> (artifact id: 'dfeec5dad9ac9a90674fcc2500753de6') in 1.435361 seconds
  Import took 1.450759 seconds .

========================================================================
Received Import Request.
  Time since last request: 0.000503 seconds.
  path: Assets/Polytope Studio/Lowpoly Medieval Environments/Sources/Materials/PT_Mushrooms_mat.mat
  artifactKey: Guid(c522ec7c62be0c145bc320ad11705a67) Importer(815301076,1909f56bfc062723c751e8b465ee728b)
Start importing Assets/Polytope Studio/Lowpoly Medieval Environments/Sources/Materials/PT_Mushrooms_mat.mat using Guid(c522ec7c62be0c145bc320ad11705a67) Importer(815301076,1909f56bfc062723c751e8b465ee728b)  -> (artifact id: 'b21d7f8a328b13e6bfcb586b1323d0c9') in 0.050912 seconds
  Import took 0.064785 seconds .

========================================================================
Received Import Request.
  Time since last request: 0.000366 seconds.
  path: Assets/Polytope Studio/Lowpoly Medieval Environments/Sources/Materials/PT_Generic_Tree_Leaves_mat.mat
  artifactKey: Guid(066ded06e6a8eb240893ea7b8efb66b4) Importer(815301076,1909f56bfc062723c751e8b465ee728b)
Start importing Assets/Polytope Studio/Lowpoly Medieval Environments/Sources/Materials/PT_Generic_Tree_Leaves_mat.mat using Guid(066ded06e6a8eb240893ea7b8efb66b4) Importer(815301076,1909f56bfc062723c751e8b465ee728b)  -> (artifact id: '0d6ae1155626a6dfd5f1165a6d5010ad') in 0.066320 seconds
  Import took 0.086405 seconds .

========================================================================
Received Import Request.
  Time since last request: 0.000405 seconds.
  path: Assets/Polytope Studio/Lowpoly Medieval Environments/Sources/Materials/PT_Poppy_mat.mat
  artifactKey: Guid(67c85a5a0248e2a4a98e653c8e7eeb9e) Importer(815301076,1909f56bfc062723c751e8b465ee728b)
Start importing Assets/Polytope Studio/Lowpoly Medieval Environments/Sources/Materials/PT_Poppy_mat.mat using Guid(67c85a5a0248e2a4a98e653c8e7eeb9e) Importer(815301076,1909f56bfc062723c751e8b465ee728b)  -> (artifact id: '555c37908354af3a55ef3d0c279f9b65') in 0.074525 seconds
  Import took 0.094181 seconds .

========================================================================
Received Import Request.
  Time since last request: 0.000306 seconds.
  path: Assets/Polytope Studio/Lowpoly Medieval Environments/Sources/Materials/PT_Rocks_mat.mat
  artifactKey: Guid(93415edde47040648869ae6638d33ced) Importer(815301076,1909f56bfc062723c751e8b465ee728b)
Start importing Assets/Polytope Studio/Lowpoly Medieval Environments/Sources/Materials/PT_Rocks_mat.mat using Guid(93415edde47040648869ae6638d33ced) Importer(815301076,1909f56bfc062723c751e8b465ee728b)  -> (artifact id: '25681a684927faed3feaeee0e1f94969') in 0.063288 seconds
  Import took 0.079490 seconds .

========================================================================
Received Import Request.
  Time since last request: 0.000297 seconds.
  path: Assets/Polytope Studio/Lowpoly Medieval Environments/Sources/Materials/PT_Pine_Tree_Leaves_Mat.mat
  artifactKey: Guid(823cb446423dd7747b7454d5cf133e75) Importer(815301076,1909f56bfc062723c751e8b465ee728b)
Start importing Assets/Polytope Studio/Lowpoly Medieval Environments/Sources/Materials/PT_Pine_Tree_Leaves_Mat.mat using Guid(823cb446423dd7747b7454d5cf133e75) Importer(815301076,1909f56bfc062723c751e8b465ee728b)  -> (artifact id: 'cd003dca39eef757c14aa953e4bd0832') in 0.074880 seconds
  Import took 0.090650 seconds .

========================================================================
Received Import Request.
  Time since last request: 0.000311 seconds.
  path: Assets/Polytope Studio/Lowpoly Medieval Environments/Sources/Materials/PT_Generic_Leaf_mat.mat
  artifactKey: Guid(aac20e0005fef5248bc0774a19a05e87) Importer(815301076,1909f56bfc062723c751e8b465ee728b)
Start importing Assets/Polytope Studio/Lowpoly Medieval Environments/Sources/Materials/PT_Generic_Leaf_mat.mat using Guid(aac20e0005fef5248bc0774a19a05e87) Importer(815301076,1909f56bfc062723c751e8b465ee728b)  -> (artifact id: '4693ea3f8fb1557dace36091fd68bb51') in 0.356417 seconds
  Import took 0.373560 seconds .

========================================================================
Received Import Request.
  Time since last request: 0.000508 seconds.
  path: Assets/Polytope Studio/Lowpoly Medieval Environments/Sources/Materials/PT_Generic_Tree_Trunk_mat.mat
  artifactKey: Guid(e6ce4253a748b0849a04b87f33cc539d) Importer(815301076,1909f56bfc062723c751e8b465ee728b)
Start importing Assets/Polytope Studio/Lowpoly Medieval Environments/Sources/Materials/PT_Generic_Tree_Trunk_mat.mat using Guid(e6ce4253a748b0849a04b87f33cc539d) Importer(815301076,1909f56bfc062723c751e8b465ee728b)  -> (artifact id: 'bc5747479bfa4bc7a5ed15be741b0450') in 0.055176 seconds
  Import took 0.076665 seconds .

========================================================================
Received Import Request.
  Time since last request: 0.000446 seconds.
  path: Assets/Polytope Studio/Lowpoly Medieval Environments/Sources/Materials/PT_Generic_Leaf_mat.mat
  artifactKey: Guid(aac20e0005fef5248bc0774a19a05e87) Importer(815301076,1909f56bfc062723c751e8b465ee728b)
Start importing Assets/Polytope Studio/Lowpoly Medieval Environments/Sources/Materials/PT_Generic_Leaf_mat.mat using Guid(aac20e0005fef5248bc0774a19a05e87) Importer(815301076,1909f56bfc062723c751e8b465ee728b)  -> (artifact id: '4693ea3f8fb1557dace36091fd68bb51') in 0.031325 seconds
  Import took 0.049636 seconds .

========================================================================
Received Import Request.
  Time since last request: 0.000324 seconds.
  path: Assets/Polytope Studio/Lowpoly Medieval Environments/Sources/Materials/PT_Skybox_mat.mat
  artifactKey: Guid(59573b088aaea0442bf29e0a0e9d1339) Importer(815301076,1909f56bfc062723c751e8b465ee728b)
Start importing Assets/Polytope Studio/Lowpoly Medieval Environments/Sources/Materials/PT_Skybox_mat.mat using Guid(59573b088aaea0442bf29e0a0e9d1339) Importer(815301076,1909f56bfc062723c751e8b465ee728b)  -> (artifact id: 'da45fe8d917759fbf3f232aee60d4a5d') in 0.132319 seconds
  Import took 0.153824 seconds .

========================================================================
Received Import Request.
  Time since last request: 0.000354 seconds.
  path: Assets/Polytope Studio/Lowpoly Medieval Environments/Sources/Materials/PT_Generic_Tree_Trunk_mat.mat
  artifactKey: Guid(e6ce4253a748b0849a04b87f33cc539d) Importer(815301076,1909f56bfc062723c751e8b465ee728b)
Start importing Assets/Polytope Studio/Lowpoly Medieval Environments/Sources/Materials/PT_Generic_Tree_Trunk_mat.mat using Guid(e6ce4253a748b0849a04b87f33cc539d) Importer(815301076,1909f56bfc062723c751e8b465ee728b)  -> (artifact id: 'bc5747479bfa4bc7a5ed15be741b0450') in 0.035267 seconds
  Import took 0.054143 seconds .

========================================================================
Received Import Request.
  Time since last request: 13.904498 seconds.
  path: Assets/ExampleAssets/Models/safetyhat_low.fbx
  artifactKey: Guid(9d0d902f71acfe646a46cb625f815a49) Importer(815301076,1909f56bfc062723c751e8b465ee728b)
Start importing Assets/ExampleAssets/Models/safetyhat_low.fbx using Guid(9d0d902f71acfe646a46cb625f815a49) Importer(815301076,1909f56bfc062723c751e8b465ee728b)  -> (artifact id: 'c946a9b88551bb81450580d8b7b762dc') in 0.249308 seconds
  Import took 0.265559 seconds .

========================================================================
Received Import Request.
  Time since last request: 0.000342 seconds.
  path: Assets/Photon/PhotonUnityNetworking/Demos/DemoAsteroids/Models/Materials/SpaceshipHull.mat
  artifactKey: Guid(de6b3d1666741b24597a4349a143eeb7) Importer(815301076,1909f56bfc062723c751e8b465ee728b)
Start importing Assets/Photon/PhotonUnityNetworking/Demos/DemoAsteroids/Models/Materials/SpaceshipHull.mat using Guid(de6b3d1666741b24597a4349a143eeb7) Importer(815301076,1909f56bfc062723c751e8b465ee728b)  -> (artifact id: '407cde430ecd863183868453a8751309') in 0.036231 seconds
  Import took 0.059604 seconds .

========================================================================
Received Import Request.
  Time since last request: 0.000382 seconds.
  path: Packages/com.verasl.water-system/Materials/Sea.mat
  artifactKey: Guid(4849d4d15a9cb42eb9533ae935e2630b) Importer(815301076,1909f56bfc062723c751e8b465ee728b)
Start importing Packages/com.verasl.water-system/Materials/Sea.mat using Guid(4849d4d15a9cb42eb9533ae935e2630b) Importer(815301076,1909f56bfc062723c751e8b465ee728b)  -> (artifact id: '31d2884dac62ce8b52e1fb3d0fccb301') in 0.040426 seconds
  Import took 0.054029 seconds .

========================================================================
Received Import Request.
  Time since last request: 0.000325 seconds.
  path: Assets/Materials/Skybox_Mat.mat
  artifactKey: Guid(0ffaa0b7117ba8c47a9d05ae701d4b4d) Importer(815301076,1909f56bfc062723c751e8b465ee728b)
Start importing Assets/Materials/Skybox_Mat.mat using Guid(0ffaa0b7117ba8c47a9d05ae701d4b4d) Importer(815301076,1909f56bfc062723c751e8b465ee728b)  -> (artifact id: 'f1e587b2d9f39b4a8da249a6a8f56a44') in 0.246011 seconds
  Import took 0.265296 seconds .

========================================================================
Received Import Request.
  Time since last request: 0.001600 seconds.
  path: Packages/com.verasl.water-system/Materials/Sea.mat
  artifactKey: Guid(4849d4d15a9cb42eb9533ae935e2630b) Importer(815301076,1909f56bfc062723c751e8b465ee728b)
Start importing Packages/com.verasl.water-system/Materials/Sea.mat using Guid(4849d4d15a9cb42eb9533ae935e2630b) Importer(815301076,1909f56bfc062723c751e8b465ee728b)  -> (artifact id: '31d2884dac62ce8b52e1fb3d0fccb301') in 0.043538 seconds
  Import took 0.061603 seconds .

========================================================================
Received Import Request.
  Time since last request: 0.000358 seconds.
  path: Assets/Package/Materials/Splash.mat
  artifactKey: Guid(d84597acd7ada4ababbf75fc492460d5) Importer(815301076,1909f56bfc062723c751e8b465ee728b)
Start importing Assets/Package/Materials/Splash.mat using Guid(d84597acd7ada4ababbf75fc492460d5) Importer(815301076,1909f56bfc062723c751e8b465ee728b)  -> (artifact id: 'eb9a1e4b6a9414bcfd0f977906245003') in 0.126604 seconds
  Import took 0.145092 seconds .

========================================================================
Received Import Request.
  Time since last request: 0.000374 seconds.
  path: Assets/Image/Sky.mat
  artifactKey: Guid(64bd937c0029e2845b55487603854835) Importer(815301076,1909f56bfc062723c751e8b465ee728b)
Start importing Assets/Image/Sky.mat using Guid(64bd937c0029e2845b55487603854835) Importer(815301076,1909f56bfc062723c751e8b465ee728b)  -> (artifact id: '6241a43f8d2274299de90fc91e2a66bd') in 0.123134 seconds
  Import took 0.141421 seconds .

========================================================================
Received Import Request.
  Time since last request: 0.000338 seconds.
  path: Assets/Photon/PhotonUnityNetworking/Demos/Shared Assets/Animations/Materials/SkinMaterial.mat
  artifactKey: Guid(37d0d4d178b5dbf449ff0814718dc354) Importer(815301076,1909f56bfc062723c751e8b465ee728b)
Start importing Assets/Photon/PhotonUnityNetworking/Demos/Shared Assets/Animations/Materials/SkinMaterial.mat using Guid(37d0d4d178b5dbf449ff0814718dc354) Importer(815301076,1909f56bfc062723c751e8b465ee728b)  -> (artifact id: 'f2512b4104c2cdb0aa24ec5b88b2a89e') in 0.048717 seconds
  Import took 0.066232 seconds .

========================================================================
Received Import Request.
  Time since last request: 0.000351 seconds.
  path: Assets/ExampleAssets/Models/safetyhat_low.fbx
  artifactKey: Guid(9d0d902f71acfe646a46cb625f815a49) Importer(815301076,1909f56bfc062723c751e8b465ee728b)
Start importing Assets/ExampleAssets/Models/safetyhat_low.fbx using Guid(9d0d902f71acfe646a46cb625f815a49) Importer(815301076,1909f56bfc062723c751e8b465ee728b)  -> (artifact id: 'c946a9b88551bb81450580d8b7b762dc') in 0.059575 seconds
  Import took 0.081522 seconds .

========================================================================
Received Import Request.
  Time since last request: 0.000890 seconds.
  path: Assets/Image/Sky.mat
  artifactKey: Guid(64bd937c0029e2845b55487603854835) Importer(815301076,1909f56bfc062723c751e8b465ee728b)
Start importing Assets/Image/Sky.mat using Guid(64bd937c0029e2845b55487603854835) Importer(815301076,1909f56bfc062723c751e8b465ee728b)  -> (artifact id: '6241a43f8d2274299de90fc91e2a66bd') in 0.069736 seconds
  Import took 0.089735 seconds .

========================================================================
Received Import Request.
  Time since last request: 0.000328 seconds.
  path: Assets/Photon/PhotonUnityNetworking/Demos/DemoAsteroids/Models/Materials/SpaceshipGlow.mat
  artifactKey: Guid(609dbe3d30c4bf84ca15ce89479d7919) Importer(815301076,1909f56bfc062723c751e8b465ee728b)
Start importing Assets/Photon/PhotonUnityNetworking/Demos/DemoAsteroids/Models/Materials/SpaceshipGlow.mat using Guid(609dbe3d30c4bf84ca15ce89479d7919) Importer(815301076,1909f56bfc062723c751e8b465ee728b)  -> (artifact id: '4b638ced9442fe9bf939c83ca9199f4c') in 0.048268 seconds
  Import took 0.065741 seconds .

========================================================================
Received Import Request.
  Time since last request: 0.000346 seconds.
  path: Assets/TextMesh Pro/Examples & Extras/Materials/Small Crate_diffuse.mat
  artifactKey: Guid(22262639920f43d6be32430e4e58350d) Importer(815301076,1909f56bfc062723c751e8b465ee728b)
Start importing Assets/TextMesh Pro/Examples & Extras/Materials/Small Crate_diffuse.mat using Guid(22262639920f43d6be32430e4e58350d) Importer(815301076,1909f56bfc062723c751e8b465ee728b)  -> (artifact id: 'b19a6c52f85c9144d24a9d804a585f26') in 0.953677 seconds
  Import took 0.969877 seconds .

========================================================================
Received Import Request.
  Time since last request: 4.489990 seconds.
  path: Assets/ExampleAssets/Materials/Strap_Mat.mat
  artifactKey: Guid(81c1860e7800e5340bf8a54c565ba9ea) Importer(815301076,1909f56bfc062723c751e8b465ee728b)
Start importing Assets/ExampleAssets/Materials/Strap_Mat.mat using Guid(81c1860e7800e5340bf8a54c565ba9ea) Importer(815301076,1909f56bfc062723c751e8b465ee728b)  -> (artifact id: 'd11d901728203bf674ad767953a8988a') in 0.601825 seconds
  Import took 0.615736 seconds .

========================================================================
Received Import Request.
  Time since last request: 0.000333 seconds.
  path: Assets/Photon/PhotonUnityNetworking/Demos/DemoSlotRacer/Kenney Assets/Stylized city/Materials/tank.mat
  artifactKey: Guid(479cbf10a2ba803449168e0148bcdbb5) Importer(815301076,1909f56bfc062723c751e8b465ee728b)
Start importing Assets/Photon/PhotonUnityNetworking/Demos/DemoSlotRacer/Kenney Assets/Stylized city/Materials/tank.mat using Guid(479cbf10a2ba803449168e0148bcdbb5) Importer(815301076,1909f56bfc062723c751e8b465ee728b)  -> (artifact id: 'd618188e6dece491b75f0a373a2b213e') in 0.039899 seconds
  Import took 0.056043 seconds .

========================================================================
Received Import Request.
  Time since last request: 0.000313 seconds.
  path: Assets/Photon/PhotonUnityNetworking/Demos/Shared Assets/Animations/Materials/SuitMaterial.mat
  artifactKey: Guid(ed4e4079e2e99084d8d914283565fc5c) Importer(815301076,1909f56bfc062723c751e8b465ee728b)
Start importing Assets/Photon/PhotonUnityNetworking/Demos/Shared Assets/Animations/Materials/SuitMaterial.mat using Guid(ed4e4079e2e99084d8d914283565fc5c) Importer(815301076,1909f56bfc062723c751e8b465ee728b)  -> (artifact id: '6456ced3c05d5c6ca268ce7552369716') in 0.038087 seconds
  Import took 0.050961 seconds .

========================================================================
Received Import Request.
  Time since last request: 0.000316 seconds.
  path: Assets/ExampleAssets/Materials/Stud_Mat.mat
  artifactKey: Guid(027cb3d3d7dc79d41ad763e01759de07) Importer(815301076,1909f56bfc062723c751e8b465ee728b)
Start importing Assets/ExampleAssets/Materials/Stud_Mat.mat using Guid(027cb3d3d7dc79d41ad763e01759de07) Importer(815301076,1909f56bfc062723c751e8b465ee728b)  -> (artifact id: '148c8c44127857bd68a2fa0cbb860f6a') in 0.112167 seconds
  Import took 0.128672 seconds .

========================================================================
Received Import Request.
  Time since last request: 1.163192 seconds.
  path: Assets/TextMesh Pro/Examples & Extras/Resources/Fonts & Materials/Roboto-Bold SDF.asset
  artifactKey: Guid(5302535af1044152a457ed104f1f4b91) Importer(815301076,1909f56bfc062723c751e8b465ee728b)
Start importing Assets/TextMesh Pro/Examples & Extras/Resources/Fonts & Materials/Roboto-Bold SDF.asset using Guid(5302535af1044152a457ed104f1f4b91) Importer(815301076,1909f56bfc062723c751e8b465ee728b)  -> (artifact id: '7810992bae2c740963a4426df426721b') in 0.124631 seconds
  Import took 0.138838 seconds .

========================================================================
Received Import Request.
  Time since last request: 0.000361 seconds.
  path: Assets/TextMesh Pro/Examples & Extras/Resources/Fonts & Materials/Roboto-Bold SDF - Drop Shadow.mat
  artifactKey: Guid(b246c4190f4e46ec9352fe15a7b09ce0) Importer(815301076,1909f56bfc062723c751e8b465ee728b)
Start importing Assets/TextMesh Pro/Examples & Extras/Resources/Fonts & Materials/Roboto-Bold SDF - Drop Shadow.mat using Guid(b246c4190f4e46ec9352fe15a7b09ce0) Importer(815301076,1909f56bfc062723c751e8b465ee728b)  -> (artifact id: 'f92b5cb132ad9eb3d9897e800fdb1f7e') in 0.049267 seconds
  Import took 0.062362 seconds .

========================================================================
Received Import Request.
  Time since last request: 0.000355 seconds.
  path: Assets/TextMesh Pro/Examples & Extras/Resources/Fonts & Materials/Roboto-Bold SDF - Surface.mat
  artifactKey: Guid(e6b276ec991f467aa14ef1f3cc665993) Importer(815301076,1909f56bfc062723c751e8b465ee728b)
Start importing Assets/TextMesh Pro/Examples & Extras/Resources/Fonts & Materials/Roboto-Bold SDF - Surface.mat using Guid(e6b276ec991f467aa14ef1f3cc665993) Importer(815301076,1909f56bfc062723c751e8b465ee728b)  -> (artifact id: 'b09fd433e1605106f2a66ce6f2ac6e99') in 0.049106 seconds
  Import took 0.071100 seconds .

========================================================================
Received Import Request.
  Time since last request: 0.000331 seconds.
  path: Assets/Photon/PhotonUnityNetworking/Demos/DemoSlotRacer/Kenney Assets/Stylized city/Materials/roof.mat
  artifactKey: Guid(ede00b712b6fb134282e1efba44fefd8) Importer(815301076,1909f56bfc062723c751e8b465ee728b)
Start importing Assets/Photon/PhotonUnityNetworking/Demos/DemoSlotRacer/Kenney Assets/Stylized city/Materials/roof.mat using Guid(ede00b712b6fb134282e1efba44fefd8) Importer(815301076,1909f56bfc062723c751e8b465ee728b)  -> (artifact id: '79a4a57b60709eece4d7e964e9b93675') in 0.072633 seconds
  Import took 0.090301 seconds .

========================================================================
Received Import Request.
  Time since last request: 24.499825 seconds.
  path: Assets/Scene/SceneUI/GameRoom.unity
  artifactKey: Guid(afdf3d56f5487664ebf81c657a660789) Importer(815301076,1909f56bfc062723c751e8b465ee728b)
Start importing Assets/Scene/SceneUI/GameRoom.unity using Guid(afdf3d56f5487664ebf81c657a660789) Importer(815301076,1909f56bfc062723c751e8b465ee728b)  -> (artifact id: '4a0d3f0d5321bb45db62bf4e988b5dfe') in 0.012243 seconds
  Import took 0.030461 seconds .

========================================================================
Received Import Request.
  Time since last request: 37.017690 seconds.
  path: Assets/Scene/SceneUI/Login/LightingData.asset
  artifactKey: Guid(0534d49c438e180488c7ee25397e7f72) Importer(815301076,1909f56bfc062723c751e8b465ee728b)
Start importing Assets/Scene/SceneUI/Login/LightingData.asset using Guid(0534d49c438e180488c7ee25397e7f72) Importer(815301076,1909f56bfc062723c751e8b465ee728b)  -> (artifact id: 'b840020e36f01e152622059a2afd3b7f') in 0.021214 seconds
  Import took 0.038615 seconds .

========================================================================
Received Import Request.
  Time since last request: 0.000301 seconds.
  path: Assets/Scene/SceneUI/Login/ReflectionProbe-0.exr
  artifactKey: Guid(36f6642f7e2fff54aa2881f2683ca627) Importer(815301076,1909f56bfc062723c751e8b465ee728b)
Start importing Assets/Scene/SceneUI/Login/ReflectionProbe-0.exr using Guid(36f6642f7e2fff54aa2881f2683ca627) Importer(815301076,1909f56bfc062723c751e8b465ee728b)  -> (artifact id: 'e99602c378f6b17c82d1e1b86f01e32b') in 0.044479 seconds
  Import took 0.059176 seconds .

========================================================================
Received Import Request.
  Time since last request: 0.000292 seconds.
  path: Assets/Scene/SceneUI/Login/LightingData.asset
  artifactKey: Guid(0534d49c438e180488c7ee25397e7f72) Importer(815301076,1909f56bfc062723c751e8b465ee728b)
Start importing Assets/Scene/SceneUI/Login/LightingData.asset using Guid(0534d49c438e180488c7ee25397e7f72) Importer(815301076,1909f56bfc062723c751e8b465ee728b)  -> (artifact id: 'b840020e36f01e152622059a2afd3b7f') in 0.008692 seconds
  Import took 0.021547 seconds .

========================================================================
Received Import Request.
  Time since last request: 0.083735 seconds.
  path: Assets/Scene/SceneUI/Login/ReflectionProbe-0.exr
  artifactKey: Guid(36f6642f7e2fff54aa2881f2683ca627) Importer(815301076,1909f56bfc062723c751e8b465ee728b)
Start importing Assets/Scene/SceneUI/Login/ReflectionProbe-0.exr using Guid(36f6642f7e2fff54aa2881f2683ca627) Importer(815301076,1909f56bfc062723c751e8b465ee728b)  -> (artifact id: 'e99602c378f6b17c82d1e1b86f01e32b') in 0.032556 seconds
  Import took 0.048327 seconds .

========================================================================
Received Import Request.
  Time since last request: 77.816788 seconds.
  path: Assets/Scene/SceneUI/Select.unity
  artifactKey: Guid(18e1275ec8c96a94481d075832766326) Importer(815301076,1909f56bfc062723c751e8b465ee728b)
Start importing Assets/Scene/SceneUI/Select.unity using Guid(18e1275ec8c96a94481d075832766326) Importer(815301076,1909f56bfc062723c751e8b465ee728b)  -> (artifact id: '6e40987bd48cf279f048b2eccddf81cd') in 0.009930 seconds
  Import took 0.026135 seconds .

========================================================================
Received Import Request.
  Time since last request: 0.002636 seconds.
  path: Assets/Scene/SceneUI/Select.unity
  artifactKey: Guid(18e1275ec8c96a94481d075832766326) Importer(815301076,1909f56bfc062723c751e8b465ee728b)
Start importing Assets/Scene/SceneUI/Select.unity using Guid(18e1275ec8c96a94481d075832766326) Importer(815301076,1909f56bfc062723c751e8b465ee728b)  -> (artifact id: '6e40987bd48cf279f048b2eccddf81cd') in 0.007324 seconds
  Import took 0.020713 seconds .

========================================================================
Received Import Request.
  Time since last request: 15.362589 seconds.
  path: Assets/Scene/SceneUI/Select.unity
  artifactKey: Guid(18e1275ec8c96a94481d075832766326) Importer(815301076,1909f56bfc062723c751e8b465ee728b)
Start importing Assets/Scene/SceneUI/Select.unity using Guid(18e1275ec8c96a94481d075832766326) Importer(815301076,1909f56bfc062723c751e8b465ee728b)  -> (artifact id: '4b80c13ede52ef8a382a3078ec04bc69') in 0.012870 seconds
  Import took 0.029730 seconds .

========================================================================
Received Prepare
Registering precompiled user dll's ...
Registered in 0.104536 seconds.
Begin MonoManager ReloadAssembly
Native extension for WindowsStandalone target not found
Native extension for WebGL target not found
Refreshing native plugins compatible for Editor in 2.38 ms, found 11 plugins.
Preloading 1 native plugins for Editor in 0.28 ms.
NullReferenceException: Object reference not set to an instance of an object
  at Unity.XR.Oculus.OculusLoader.AssetPathToAbsolutePath (System.String assetPath) [0x00048] in C:\Users\user\OneDrive\바탕 화면\RowingRush_RPC\RowingRush\Library\PackageCache\com.unity.xr.oculus@1.9.1\Runtime\OculusLoader.cs:249 
  at Unity.XR.Oculus.OculusLoader.EditorLoadOVRPlugin () [0x0007b] in C:\Users\user\OneDrive\바탕 화면\RowingRush_RPC\RowingRush\Library\PackageCache\com.unity.xr.oculus@1.9.1\Runtime\OculusLoader.cs:234 

(Filename: Library/PackageCache/com.unity.xr.oculus@1.9.1/Runtime/OculusLoader.cs Line: 249)

Mono: successfully reloaded assembly
- Completed reload, in  4.896 seconds
Platform modules already initialized, skipping
Shader 'Universal Render Pipeline/Particles/Lit': fallback shader 'Universal Render Pipeline/Particles/SimpleLit' not found
Refreshing native plugins compatible for Editor in 2.10 ms, found 11 plugins.
Preloading 1 native plugins for Editor in 0.27 ms.
Unloading 4858 Unused Serialized files (Serialized files now loaded: 0)
System memory in use before: 290.4 MB.
System memory in use after: 290.9 MB.

Unloading 49 unused Assets to reduce memory usage. Loaded Objects now: 5971.
Total: 12.583300 ms (FindLiveObjects: 2.043600 ms CreateObjectMapping: 0.882200 ms MarkObjects: 9.576700 ms  DeleteObjects: 0.078300 ms)

========================================================================
Received Prepare
Registering precompiled user dll's ...
Registered in 0.097131 seconds.
Begin MonoManager ReloadAssembly
Native extension for WindowsStandalone target not found
Native extension for WebGL target not found
Refreshing native plugins compatible for Editor in 5.11 ms, found 11 plugins.
Preloading 1 native plugins for Editor in 0.37 ms.
NullReferenceException: Object reference not set to an instance of an object
  at Unity.XR.Oculus.OculusLoader.AssetPathToAbsolutePath (System.String assetPath) [0x00048] in C:\Users\user\OneDrive\바탕 화면\RowingRush_RPC\RowingRush\Library\PackageCache\com.unity.xr.oculus@1.9.1\Runtime\OculusLoader.cs:249 
  at Unity.XR.Oculus.OculusLoader.EditorLoadOVRPlugin () [0x0007b] in C:\Users\user\OneDrive\바탕 화면\RowingRush_RPC\RowingRush\Library\PackageCache\com.unity.xr.oculus@1.9.1\Runtime\OculusLoader.cs:234 

(Filename: Library/PackageCache/com.unity.xr.oculus@1.9.1/Runtime/OculusLoader.cs Line: 249)

Mono: successfully reloaded assembly
- Completed reload, in  4.998 seconds
Platform modules already initialized, skipping
Shader 'Universal Render Pipeline/Particles/Lit': fallback shader 'Universal Render Pipeline/Particles/SimpleLit' not found
Refreshing native plugins compatible for Editor in 2.59 ms, found 11 plugins.
Preloading 1 native plugins for Editor in 0.32 ms.
Unloading 4858 Unused Serialized files (Serialized files now loaded: 0)
System memory in use before: 290.5 MB.
System memory in use after: 290.9 MB.

Unloading 49 unused Assets to reduce memory usage. Loaded Objects now: 5976.
Total: 15.041100 ms (FindLiveObjects: 1.506400 ms CreateObjectMapping: 0.791400 ms MarkObjects: 12.656900 ms  DeleteObjects: 0.083200 ms)

========================================================================
Received Prepare
Registering precompiled user dll's ...
Registered in 0.094811 seconds.
Begin MonoManager ReloadAssembly
Native extension for WindowsStandalone target not found
Native extension for WebGL target not found
Refreshing native plugins compatible for Editor in 3.02 ms, found 11 plugins.
Preloading 1 native plugins for Editor in 0.29 ms.
NullReferenceException: Object reference not set to an instance of an object
  at Unity.XR.Oculus.OculusLoader.AssetPathToAbsolutePath (System.String assetPath) [0x00048] in C:\Users\user\OneDrive\바탕 화면\RowingRush_RPC\RowingRush\Library\PackageCache\com.unity.xr.oculus@1.9.1\Runtime\OculusLoader.cs:249 
  at Unity.XR.Oculus.OculusLoader.EditorLoadOVRPlugin () [0x0007b] in C:\Users\user\OneDrive\바탕 화면\RowingRush_RPC\RowingRush\Library\PackageCache\com.unity.xr.oculus@1.9.1\Runtime\OculusLoader.cs:234 

(Filename: Library/PackageCache/com.unity.xr.oculus@1.9.1/Runtime/OculusLoader.cs Line: 249)

Mono: successfully reloaded assembly
- Completed reload, in  4.304 seconds
Platform modules already initialized, skipping
Shader 'Universal Render Pipeline/Particles/Lit': fallback shader 'Universal Render Pipeline/Particles/SimpleLit' not found
Refreshing native plugins compatible for Editor in 1.89 ms, found 11 plugins.
Preloading 1 native plugins for Editor in 0.24 ms.
Unloading 4858 Unused Serialized files (Serialized files now loaded: 0)
System memory in use before: 290.5 MB.
System memory in use after: 290.9 MB.

Unloading 49 unused Assets to reduce memory usage. Loaded Objects now: 5981.
Total: 9.040700 ms (FindLiveObjects: 1.116700 ms CreateObjectMapping: 0.603600 ms MarkObjects: 7.256700 ms  DeleteObjects: 0.061500 ms)

========================================================================
Received Prepare
Registering precompiled user dll's ...
Registered in 2.278605 seconds.
Begin MonoManager ReloadAssembly
Native extension for WindowsStandalone target not found
Native extension for WebGL target not found
Refreshing native plugins compatible for Editor in 4.27 ms, found 11 plugins.
Preloading 1 native plugins for Editor in 0.68 ms.
NullReferenceException: Object reference not set to an instance of an object
  at Unity.XR.Oculus.OculusLoader.AssetPathToAbsolutePath (System.String assetPath) [0x00048] in C:\Users\user\OneDrive\바탕 화면\RowingRush_RPC\RowingRush\Library\PackageCache\com.unity.xr.oculus@1.9.1\Runtime\OculusLoader.cs:249 
  at Unity.XR.Oculus.OculusLoader.EditorLoadOVRPlugin () [0x0007b] in C:\Users\user\OneDrive\바탕 화면\RowingRush_RPC\RowingRush\Library\PackageCache\com.unity.xr.oculus@1.9.1\Runtime\OculusLoader.cs:234 

(Filename: Library/PackageCache/com.unity.xr.oculus@1.9.1/Runtime/OculusLoader.cs Line: 249)

Mono: successfully reloaded assembly
- Completed reload, in  8.588 seconds
Platform modules already initialized, skipping
Shader 'Universal Render Pipeline/Particles/Lit': fallback shader 'Universal Render Pipeline/Particles/SimpleLit' not found
Refreshing native plugins compatible for Editor in 6.79 ms, found 11 plugins.
Preloading 1 native plugins for Editor in 1.97 ms.
Unloading 4858 Unused Serialized files (Serialized files now loaded: 0)
System memory in use before: 290.3 MB.
System memory in use after: 290.8 MB.

Unloading 49 unused Assets to reduce memory usage. Loaded Objects now: 5986.
Total: 28.315700 ms (FindLiveObjects: 3.943800 ms CreateObjectMapping: 3.877100 ms MarkObjects: 19.705400 ms  DeleteObjects: 0.778600 ms)

========================================================================
Received Prepare
Registering precompiled user dll's ...
Registered in 0.105707 seconds.
Begin MonoManager ReloadAssembly
Native extension for WindowsStandalone target not found
Native extension for WebGL target not found
Refreshing native plugins compatible for Editor in 3.32 ms, found 11 plugins.
Preloading 1 native plugins for Editor in 0.34 ms.
NullReferenceException: Object reference not set to an instance of an object
  at Unity.XR.Oculus.OculusLoader.AssetPathToAbsolutePath (System.String assetPath) [0x00048] in C:\Users\user\OneDrive\바탕 화면\RowingRush_RPC\RowingRush\Library\PackageCache\com.unity.xr.oculus@1.9.1\Runtime\OculusLoader.cs:249 
  at Unity.XR.Oculus.OculusLoader.EditorLoadOVRPlugin () [0x0007b] in C:\Users\user\OneDrive\바탕 화면\RowingRush_RPC\RowingRush\Library\PackageCache\com.unity.xr.oculus@1.9.1\Runtime\OculusLoader.cs:234 

(Filename: Library/PackageCache/com.unity.xr.oculus@1.9.1/Runtime/OculusLoader.cs Line: 249)

Mono: successfully reloaded assembly
- Completed reload, in  4.448 seconds
Platform modules already initialized, skipping
Shader 'Universal Render Pipeline/Particles/Lit': fallback shader 'Universal Render Pipeline/Particles/SimpleLit' not found
Refreshing native plugins compatible for Editor in 11.56 ms, found 11 plugins.
Preloading 1 native plugins for Editor in 0.68 ms.
Unloading 4858 Unused Serialized files (Serialized files now loaded: 0)
System memory in use before: 290.5 MB.
System memory in use after: 291.0 MB.

Unloading 49 unused Assets to reduce memory usage. Loaded Objects now: 5991.
Total: 16.087000 ms (FindLiveObjects: 1.933900 ms CreateObjectMapping: 0.980900 ms MarkObjects: 13.087900 ms  DeleteObjects: 0.081600 ms)

AssetImportWorkerClient::OnTransportError - code=2 error=End of file
